2022-12-12T20:24:30.752+05:00  INFO 6216 --- [main] com.example.kunuz.KunUzApplication       : Starting KunUzApplication using Java 17.0.2 with PID 6216 (E:\Java\6-modul\KunUz\target\classes started by User in E:\Java\6-modul\KunUz)
2022-12-12T20:24:30.772+05:00 DEBUG 6216 --- [main] com.example.kunuz.KunUzApplication       : Running with Spring Boot v3.0.0, Spring v6.0.2
2022-12-12T20:24:30.775+05:00  INFO 6216 --- [main] com.example.kunuz.KunUzApplication       : No active profile set, falling back to 1 default profile: "default"
2022-12-12T20:24:31.514+05:00  INFO 6216 --- [main] .s.d.r.c.RepositoryConfigurationDelegate : Bootstrapping Spring Data JPA repositories in DEFAULT mode.
2022-12-12T20:24:31.598+05:00  INFO 6216 --- [main] .s.d.r.c.RepositoryConfigurationDelegate : Finished Spring Data repository scanning in 76 ms. Found 8 JPA repository interfaces.
2022-12-12T20:24:32.102+05:00  INFO 6216 --- [main] o.s.b.w.embedded.tomcat.TomcatWebServer  : Tomcat initialized with port(s): 8080 (http)
2022-12-12T20:24:32.112+05:00  INFO 6216 --- [main] o.apache.catalina.core.StandardService   : Starting service [Tomcat]
2022-12-12T20:24:32.113+05:00  INFO 6216 --- [main] o.apache.catalina.core.StandardEngine    : Starting Servlet engine: [Apache Tomcat/10.1.1]
2022-12-12T20:24:32.207+05:00  INFO 6216 --- [main] o.a.c.c.C.[Tomcat].[localhost].[/]       : Initializing Spring embedded WebApplicationContext
2022-12-12T20:24:32.208+05:00  INFO 6216 --- [main] w.s.c.ServletWebServerApplicationContext : Root WebApplicationContext: initialization completed in 1361 ms
2022-12-12T20:24:32.259+05:00 DEBUG 6216 --- [main] com.example.kunuz.config.TokenFilter     : Filter 'tokenFilter' configured for use
2022-12-12T20:24:32.375+05:00  INFO 6216 --- [main] o.hibernate.jpa.internal.util.LogHelper  : HHH000204: Processing PersistenceUnitInfo [name: default]
2022-12-12T20:24:32.418+05:00  INFO 6216 --- [main] org.hibernate.Version                    : HHH000412: Hibernate ORM core version 6.1.5.Final
2022-12-12T20:24:32.570+05:00  WARN 6216 --- [main] org.hibernate.orm.deprecation            : HHH90000021: Encountered deprecated setting [javax.persistence.sharedCache.mode], use [jakarta.persistence.sharedCache.mode] instead
2022-12-12T20:24:32.667+05:00  INFO 6216 --- [main] com.zaxxer.hikari.HikariDataSource       : HikariPool-1 - Starting...
2022-12-12T20:24:32.829+05:00  INFO 6216 --- [main] com.zaxxer.hikari.pool.HikariPool        : HikariPool-1 - Added connection org.postgresql.jdbc.PgConnection@6793f752
2022-12-12T20:24:32.831+05:00  INFO 6216 --- [main] com.zaxxer.hikari.HikariDataSource       : HikariPool-1 - Start completed.
2022-12-12T20:24:32.888+05:00  INFO 6216 --- [main] SQL dialect                              : HHH000400: Using dialect: org.hibernate.dialect.PostgreSQLDialect
2022-12-12T20:24:34.199+05:00  INFO 6216 --- [main] o.h.e.t.j.p.i.JtaPlatformInitiator       : HHH000490: Using JtaPlatform implementation: [org.hibernate.engine.transaction.jta.platform.internal.NoJtaPlatform]
2022-12-12T20:24:34.207+05:00  INFO 6216 --- [main] j.LocalContainerEntityManagerFactoryBean : Initialized JPA EntityManagerFactory for persistence unit 'default'
2022-12-12T20:24:34.993+05:00  WARN 6216 --- [main] JpaBaseConfiguration$JpaWebConfiguration : spring.jpa.open-in-view is enabled by default. Therefore, database queries may be performed during view rendering. Explicitly configure spring.jpa.open-in-view to disable this warning
2022-12-12T20:24:35.287+05:00  INFO 6216 --- [main] o.s.b.w.embedded.tomcat.TomcatWebServer  : Tomcat started on port(s): 8080 (http) with context path ''
2022-12-12T20:24:35.295+05:00  INFO 6216 --- [main] com.example.kunuz.KunUzApplication       : Started KunUzApplication in 5.021 seconds (process running for 5.643)
2022-12-12T20:25:14.267+05:00  INFO 6216 --- [http-nio-8080-exec-1] o.a.c.c.C.[Tomcat].[localhost].[/]       : Initializing Spring DispatcherServlet 'dispatcherServlet'
2022-12-12T20:25:14.268+05:00  INFO 6216 --- [http-nio-8080-exec-1] o.s.web.servlet.DispatcherServlet        : Initializing Servlet 'dispatcherServlet'
2022-12-12T20:25:14.269+05:00  INFO 6216 --- [http-nio-8080-exec-1] o.s.web.servlet.DispatcherServlet        : Completed initialization in 1 ms
2022-12-12T20:25:14.376+05:00 DEBUG 6216 --- [http-nio-8080-exec-1] c.e.kunuz.controller.AuthController      : Lod debug : LoginDTO{email='nazarovazimjon888@gmail.com'}
2022-12-12T20:25:14.377+05:00  WARN 6216 --- [http-nio-8080-exec-1] c.e.kunuz.controller.AuthController      : Log warn : LoginDTO{email='nazarovazimjon888@gmail.com'}
2022-12-12T20:25:14.377+05:00 ERROR 6216 --- [http-nio-8080-exec-1] c.e.kunuz.controller.AuthController      : Log error : LoginDTO{email='nazarovazimjon888@gmail.com'}
2022-12-12T20:25:14.377+05:00  INFO 6216 --- [http-nio-8080-exec-1] c.e.kunuz.controller.AuthController      : Authorization : LoginDTO{email='nazarovazimjon888@gmail.com'}
2022-12-12T20:47:26.036+05:00  INFO 6216 --- [SpringApplicationShutdownHook] j.LocalContainerEntityManagerFactoryBean : Closing JPA EntityManagerFactory for persistence unit 'default'
2022-12-12T20:47:26.039+05:00  INFO 6216 --- [SpringApplicationShutdownHook] com.zaxxer.hikari.HikariDataSource       : HikariPool-1 - Shutdown initiated...
2022-12-12T20:47:26.042+05:00  INFO 6216 --- [SpringApplicationShutdownHook] com.zaxxer.hikari.HikariDataSource       : HikariPool-1 - Shutdown completed.
