2022-12-12T21:23:10.111+05:00 DEBUG 17344 --- [http-nio-8080-exec-2] c.e.kunuz.controller.AuthController      : Lod debug : LoginDTO{email='nazarovazimon888@gmail.com'}
2022-12-12T21:23:10.113+05:00  WARN 17344 --- [http-nio-8080-exec-2] c.e.kunuz.controller.AuthController      : Log warn : LoginDTO{email='nazarovazimon888@gmail.com'}
2022-12-12T21:23:10.113+05:00 ERROR 17344 --- [http-nio-8080-exec-2] c.e.kunuz.controller.AuthController      : Log error : LoginDTO{email='nazarovazimon888@gmail.com'}
2022-12-12T21:23:10.114+05:00  INFO 17344 --- [http-nio-8080-exec-2] c.e.kunuz.controller.AuthController      : Authorization : LoginDTO{email='nazarovazimon888@gmail.com'}
2022-12-12T21:23:16.198+05:00 DEBUG 17344 --- [http-nio-8080-exec-3] c.e.kunuz.controller.AuthController      : Lod debug : LoginDTO{email='nazarovazimon888@gmail.com'}
2022-12-12T21:23:16.199+05:00  WARN 17344 --- [http-nio-8080-exec-3] c.e.kunuz.controller.AuthController      : Log warn : LoginDTO{email='nazarovazimon888@gmail.com'}
2022-12-12T21:23:16.200+05:00 ERROR 17344 --- [http-nio-8080-exec-3] c.e.kunuz.controller.AuthController      : Log error : LoginDTO{email='nazarovazimon888@gmail.com'}
2022-12-12T21:23:16.200+05:00  INFO 17344 --- [http-nio-8080-exec-3] c.e.kunuz.controller.AuthController      : Authorization : LoginDTO{email='nazarovazimon888@gmail.com'}
2022-12-12T21:24:37.599+05:00  INFO 17344 --- [SpringApplicationShutdownHook] j.LocalContainerEntityManagerFactoryBean : Closing JPA EntityManagerFactory for persistence unit 'default'
2022-12-12T21:24:37.604+05:00  INFO 17344 --- [SpringApplicationShutdownHook] com.zaxxer.hikari.HikariDataSource       : HikariPool-1 - Shutdown initiated...
2022-12-12T21:24:37.613+05:00  INFO 17344 --- [SpringApplicationShutdownHook] com.zaxxer.hikari.HikariDataSource       : HikariPool-1 - Shutdown completed.
2022-12-12T21:24:42.356+05:00  INFO 4868 --- [main] com.example.kunuz.KunUzApplication       : Starting KunUzApplication using Java 17.0.2 with PID 4868 (E:\Java\6-modul\KunUz\target\classes started by User in E:\Java\6-modul\KunUz)
2022-12-12T21:24:42.384+05:00 DEBUG 4868 --- [main] com.example.kunuz.KunUzApplication       : Running with Spring Boot v3.0.0, Spring v6.0.2
2022-12-12T21:24:42.386+05:00  INFO 4868 --- [main] com.example.kunuz.KunUzApplication       : No active profile set, falling back to 1 default profile: "default"
2022-12-12T21:24:44.220+05:00  INFO 4868 --- [main] .s.d.r.c.RepositoryConfigurationDelegate : Bootstrapping Spring Data JPA repositories in DEFAULT mode.
2022-12-12T21:24:44.310+05:00  INFO 4868 --- [main] .s.d.r.c.RepositoryConfigurationDelegate : Finished Spring Data repository scanning in 80 ms. Found 8 JPA repository interfaces.
2022-12-12T21:24:45.061+05:00  INFO 4868 --- [main] o.s.b.w.embedded.tomcat.TomcatWebServer  : Tomcat initialized with port(s): 8080 (http)
2022-12-12T21:24:45.072+05:00  INFO 4868 --- [main] o.apache.catalina.core.StandardService   : Starting service [Tomcat]
2022-12-12T21:24:45.073+05:00  INFO 4868 --- [main] o.apache.catalina.core.StandardEngine    : Starting Servlet engine: [Apache Tomcat/10.1.1]
2022-12-12T21:24:45.173+05:00  INFO 4868 --- [main] o.a.c.c.C.[Tomcat].[localhost].[/]       : Initializing Spring embedded WebApplicationContext
2022-12-12T21:24:45.174+05:00  INFO 4868 --- [main] w.s.c.ServletWebServerApplicationContext : Root WebApplicationContext: initialization completed in 2705 ms
2022-12-12T21:24:45.232+05:00 DEBUG 4868 --- [main] com.example.kunuz.config.TokenFilter     : Filter 'tokenFilter' configured for use
2022-12-12T21:24:45.385+05:00  INFO 4868 --- [main] o.hibernate.jpa.internal.util.LogHelper  : HHH000204: Processing PersistenceUnitInfo [name: default]
2022-12-12T21:24:45.453+05:00  INFO 4868 --- [main] org.hibernate.Version                    : HHH000412: Hibernate ORM core version 6.1.5.Final
2022-12-12T21:24:45.657+05:00  WARN 4868 --- [main] org.hibernate.orm.deprecation            : HHH90000021: Encountered deprecated setting [javax.persistence.sharedCache.mode], use [jakarta.persistence.sharedCache.mode] instead
2022-12-12T21:24:45.793+05:00  INFO 4868 --- [main] com.zaxxer.hikari.HikariDataSource       : HikariPool-1 - Starting...
2022-12-12T21:24:46.152+05:00  INFO 4868 --- [main] com.zaxxer.hikari.pool.HikariPool        : HikariPool-1 - Added connection org.postgresql.jdbc.PgConnection@2a04ab05
2022-12-12T21:24:46.154+05:00  INFO 4868 --- [main] com.zaxxer.hikari.HikariDataSource       : HikariPool-1 - Start completed.
2022-12-12T21:24:46.273+05:00  INFO 4868 --- [main] SQL dialect                              : HHH000400: Using dialect: org.hibernate.dialect.PostgreSQLDialect
2022-12-12T21:24:47.823+05:00  INFO 4868 --- [main] o.h.e.t.j.p.i.JtaPlatformInitiator       : HHH000490: Using JtaPlatform implementation: [org.hibernate.engine.transaction.jta.platform.internal.NoJtaPlatform]
2022-12-12T21:24:47.838+05:00  INFO 4868 --- [main] j.LocalContainerEntityManagerFactoryBean : Initialized JPA EntityManagerFactory for persistence unit 'default'
2022-12-12T21:24:48.880+05:00  WARN 4868 --- [main] JpaBaseConfiguration$JpaWebConfiguration : spring.jpa.open-in-view is enabled by default. Therefore, database queries may be performed during view rendering. Explicitly configure spring.jpa.open-in-view to disable this warning
2022-12-12T21:24:49.308+05:00  INFO 4868 --- [main] o.s.b.w.embedded.tomcat.TomcatWebServer  : Tomcat started on port(s): 8080 (http) with context path ''
2022-12-12T21:24:49.330+05:00  INFO 4868 --- [main] com.example.kunuz.KunUzApplication       : Started KunUzApplication in 7.92 seconds (process running for 9.115)
2022-12-12T21:24:58.760+05:00  INFO 4868 --- [http-nio-8080-exec-1] o.a.c.c.C.[Tomcat].[localhost].[/]       : Initializing Spring DispatcherServlet 'dispatcherServlet'
2022-12-12T21:24:58.762+05:00  INFO 4868 --- [http-nio-8080-exec-1] o.s.web.servlet.DispatcherServlet        : Initializing Servlet 'dispatcherServlet'
2022-12-12T21:24:58.764+05:00  INFO 4868 --- [http-nio-8080-exec-1] o.s.web.servlet.DispatcherServlet        : Completed initialization in 1 ms
2022-12-12T21:24:58.981+05:00 DEBUG 4868 --- [http-nio-8080-exec-1] c.e.kunuz.controller.AuthController      : Lod debug : LoginDTO{email='nazarovazimon888@gmail.com'}
2022-12-12T21:24:58.982+05:00  WARN 4868 --- [http-nio-8080-exec-1] c.e.kunuz.controller.AuthController      : Log warn : LoginDTO{email='nazarovazimon888@gmail.com'}
2022-12-12T21:24:58.984+05:00 ERROR 4868 --- [http-nio-8080-exec-1] c.e.kunuz.controller.AuthController      : Log error : LoginDTO{email='nazarovazimon888@gmail.com'}
2022-12-12T21:24:58.985+05:00  INFO 4868 --- [http-nio-8080-exec-1] c.e.kunuz.controller.AuthController      : Authorization : LoginDTO{email='nazarovazimon888@gmail.com'}
2022-12-12T21:40:41.700+05:00  INFO 5792 --- [main] com.example.kunuz.KunUzApplication       : Starting KunUzApplication using Java 17.0.2 with PID 5792 (E:\Java\6-modul\KunUz\target\classes started by User in E:\Java\6-modul\KunUz)
2022-12-12T21:40:41.760+05:00 DEBUG 5792 --- [main] com.example.kunuz.KunUzApplication       : Running with Spring Boot v3.0.0, Spring v6.0.2
2022-12-12T21:40:41.762+05:00  INFO 5792 --- [main] com.example.kunuz.KunUzApplication       : No active profile set, falling back to 1 default profile: "default"
2022-12-12T21:40:42.748+05:00  INFO 5792 --- [main] .s.d.r.c.RepositoryConfigurationDelegate : Bootstrapping Spring Data JPA repositories in DEFAULT mode.
2022-12-12T21:40:42.848+05:00  INFO 5792 --- [main] .s.d.r.c.RepositoryConfigurationDelegate : Finished Spring Data repository scanning in 75 ms. Found 8 JPA repository interfaces.
2022-12-12T21:40:43.483+05:00  INFO 5792 --- [main] o.s.b.w.embedded.tomcat.TomcatWebServer  : Tomcat initialized with port(s): 8080 (http)
2022-12-12T21:40:43.493+05:00  INFO 5792 --- [main] o.apache.catalina.core.StandardService   : Starting service [Tomcat]
2022-12-12T21:40:43.494+05:00  INFO 5792 --- [main] o.apache.catalina.core.StandardEngine    : Starting Servlet engine: [Apache Tomcat/10.1.1]
2022-12-12T21:40:43.607+05:00  INFO 5792 --- [main] o.a.c.c.C.[Tomcat].[localhost].[/]       : Initializing Spring embedded WebApplicationContext
2022-12-12T21:40:43.608+05:00  INFO 5792 --- [main] w.s.c.ServletWebServerApplicationContext : Root WebApplicationContext: initialization completed in 1784 ms
2022-12-12T21:40:43.663+05:00 DEBUG 5792 --- [main] com.example.kunuz.config.TokenFilter     : Filter 'tokenFilter' configured for use
2022-12-12T21:40:43.815+05:00  INFO 5792 --- [main] o.hibernate.jpa.internal.util.LogHelper  : HHH000204: Processing PersistenceUnitInfo [name: default]
2022-12-12T21:40:43.878+05:00  INFO 5792 --- [main] org.hibernate.Version                    : HHH000412: Hibernate ORM core version 6.1.5.Final
2022-12-12T21:40:44.078+05:00  WARN 5792 --- [main] org.hibernate.orm.deprecation            : HHH90000021: Encountered deprecated setting [javax.persistence.sharedCache.mode], use [jakarta.persistence.sharedCache.mode] instead
2022-12-12T21:40:44.198+05:00  INFO 5792 --- [main] com.zaxxer.hikari.HikariDataSource       : HikariPool-1 - Starting...
2022-12-12T21:40:44.902+05:00  INFO 5792 --- [main] com.zaxxer.hikari.pool.HikariPool        : HikariPool-1 - Added connection org.postgresql.jdbc.PgConnection@33751d49
2022-12-12T21:40:44.904+05:00  INFO 5792 --- [main] com.zaxxer.hikari.HikariDataSource       : HikariPool-1 - Start completed.
2022-12-12T21:40:45.459+05:00  INFO 5792 --- [main] SQL dialect                              : HHH000400: Using dialect: org.hibernate.dialect.PostgreSQLDialect
2022-12-12T21:40:48.561+05:00  INFO 5792 --- [main] o.h.e.t.j.p.i.JtaPlatformInitiator       : HHH000490: Using JtaPlatform implementation: [org.hibernate.engine.transaction.jta.platform.internal.NoJtaPlatform]
