2022-12-13T20:32:45.226+05:00  INFO 6004 --- [main] o.s.b.w.embedded.tomcat.TomcatWebServer  : Tomcat started on port(s): 8080 (http) with context path ''
2022-12-13T20:32:45.240+05:00  INFO 6004 --- [main] com.example.kunuz.KunUzApplication       : Started KunUzApplication in 8.087 seconds (process running for 9.08)
2022-12-13T20:32:45.735+05:00  INFO 6004 --- [http-nio-8080-exec-7] o.a.c.c.C.[Tomcat].[localhost].[/]       : Initializing Spring DispatcherServlet 'dispatcherServlet'
2022-12-13T20:32:45.736+05:00  INFO 6004 --- [http-nio-8080-exec-7] o.s.web.servlet.DispatcherServlet        : Initializing Servlet 'dispatcherServlet'
2022-12-13T20:32:45.739+05:00  INFO 6004 --- [http-nio-8080-exec-7] o.s.web.servlet.DispatcherServlet        : Completed initialization in 1 ms
2022-12-13T20:32:46.514+05:00  WARN 6004 --- [http-nio-8080-exec-5] ocalVariableTableParameterNameDiscoverer : Using deprecated '-debug' fallback for parameter name resolution. Compile the affected code with '-parameters' instead or avoid its introspection: com.example.kunuz.controller.RegionController
2022-12-13T20:32:46.707+05:00  WARN 6004 --- [http-nio-8080-exec-5] ocalVariableTableParameterNameDiscoverer : Using deprecated '-debug' fallback for parameter name resolution. Compile the affected code with '-parameters' instead or avoid its introspection: com.example.kunuz.controller.ProfileController
2022-12-13T20:32:46.739+05:00  WARN 6004 --- [http-nio-8080-exec-5] ocalVariableTableParameterNameDiscoverer : Using deprecated '-debug' fallback for parameter name resolution. Compile the affected code with '-parameters' instead or avoid its introspection: com.example.kunuz.controller.ArticleTypeController
2022-12-13T20:32:46.757+05:00  WARN 6004 --- [http-nio-8080-exec-5] ocalVariableTableParameterNameDiscoverer : Using deprecated '-debug' fallback for parameter name resolution. Compile the affected code with '-parameters' instead or avoid its introspection: com.example.kunuz.controller.ArticleController
2022-12-13T20:32:46.771+05:00  WARN 6004 --- [http-nio-8080-exec-5] ocalVariableTableParameterNameDiscoverer : Using deprecated '-debug' fallback for parameter name resolution. Compile the affected code with '-parameters' instead or avoid its introspection: com.example.kunuz.controller.SavedArticleController
2022-12-13T20:32:46.799+05:00  WARN 6004 --- [http-nio-8080-exec-5] ocalVariableTableParameterNameDiscoverer : Using deprecated '-debug' fallback for parameter name resolution. Compile the affected code with '-parameters' instead or avoid its introspection: com.example.kunuz.controller.AuthController
2022-12-13T20:32:46.811+05:00  WARN 6004 --- [http-nio-8080-exec-5] o.springdoc.core.models.ParameterInfo    : Using the following default value : ru, without spring conversionService
2022-12-13T20:32:46.817+05:00  WARN 6004 --- [http-nio-8080-exec-5] ocalVariableTableParameterNameDiscoverer : Using deprecated '-debug' fallback for parameter name resolution. Compile the affected code with '-parameters' instead or avoid its introspection: com.example.kunuz.controller.AttachController
2022-12-13T20:32:46.828+05:00  WARN 6004 --- [http-nio-8080-exec-5] ocalVariableTableParameterNameDiscoverer : Using deprecated '-debug' fallback for parameter name resolution. Compile the affected code with '-parameters' instead or avoid its introspection: com.example.kunuz.controller.ArticleLikeController
2022-12-13T20:32:46.853+05:00  WARN 6004 --- [http-nio-8080-exec-5] ocalVariableTableParameterNameDiscoverer : Using deprecated '-debug' fallback for parameter name resolution. Compile the affected code with '-parameters' instead or avoid its introspection: com.example.kunuz.controller.InitController
2022-12-13T20:32:46.856+05:00  WARN 6004 --- [http-nio-8080-exec-5] ocalVariableTableParameterNameDiscoverer : Using deprecated '-debug' fallback for parameter name resolution. Compile the affected code with '-parameters' instead or avoid its introspection: com.example.kunuz.controller.EmailHistoryController
2022-12-13T20:32:46.939+05:00  INFO 6004 --- [http-nio-8080-exec-5] o.springdoc.api.AbstractOpenApiResource  : Init duration for springdoc-openapi is: 600 ms
2022-12-13T20:36:00.891+05:00  INFO 6004 --- [SpringApplicationShutdownHook] j.LocalContainerEntityManagerFactoryBean : Closing JPA EntityManagerFactory for persistence unit 'default'
2022-12-13T20:36:00.894+05:00  INFO 6004 --- [SpringApplicationShutdownHook] com.zaxxer.hikari.HikariDataSource       : HikariPool-1 - Shutdown initiated...
2022-12-13T20:36:00.901+05:00  INFO 6004 --- [SpringApplicationShutdownHook] com.zaxxer.hikari.HikariDataSource       : HikariPool-1 - Shutdown completed.
2022-12-13T20:36:06.966+05:00  INFO 7788 --- [main] com.example.kunuz.KunUzApplication       : Starting KunUzApplication using Java 17.0.2 with PID 7788 (E:\Java\6-modul\KunUz\target\classes started by User in E:\Java\6-modul\KunUz)
2022-12-13T20:36:06.997+05:00 DEBUG 7788 --- [main] com.example.kunuz.KunUzApplication       : Running with Spring Boot v3.0.0, Spring v6.0.2
2022-12-13T20:36:06.998+05:00  INFO 7788 --- [main] com.example.kunuz.KunUzApplication       : No active profile set, falling back to 1 default profile: "default"
2022-12-13T20:36:08.070+05:00  INFO 7788 --- [main] .s.d.r.c.RepositoryConfigurationDelegate : Bootstrapping Spring Data JPA repositories in DEFAULT mode.
2022-12-13T20:36:08.187+05:00  INFO 7788 --- [main] .s.d.r.c.RepositoryConfigurationDelegate : Finished Spring Data repository scanning in 89 ms. Found 8 JPA repository interfaces.
2022-12-13T20:36:08.762+05:00  INFO 7788 --- [main] o.s.b.w.embedded.tomcat.TomcatWebServer  : Tomcat initialized with port(s): 8080 (http)
2022-12-13T20:36:08.772+05:00  INFO 7788 --- [main] o.apache.catalina.core.StandardService   : Starting service [Tomcat]
2022-12-13T20:36:08.773+05:00  INFO 7788 --- [main] o.apache.catalina.core.StandardEngine    : Starting Servlet engine: [Apache Tomcat/10.1.1]
2022-12-13T20:36:08.878+05:00  INFO 7788 --- [main] o.a.c.c.C.[Tomcat].[localhost].[/]       : Initializing Spring embedded WebApplicationContext
2022-12-13T20:36:08.878+05:00  INFO 7788 --- [main] w.s.c.ServletWebServerApplicationContext : Root WebApplicationContext: initialization completed in 1813 ms
2022-12-13T20:36:08.926+05:00 DEBUG 7788 --- [main] com.example.kunuz.config.TokenFilter     : Filter 'tokenFilter' configured for use
2022-12-13T20:36:09.053+05:00  INFO 7788 --- [main] o.hibernate.jpa.internal.util.LogHelper  : HHH000204: Processing PersistenceUnitInfo [name: default]
2022-12-13T20:36:09.101+05:00  INFO 7788 --- [main] org.hibernate.Version                    : HHH000412: Hibernate ORM core version 6.1.5.Final
2022-12-13T20:36:09.240+05:00  WARN 7788 --- [main] org.hibernate.orm.deprecation            : HHH90000021: Encountered deprecated setting [javax.persistence.sharedCache.mode], use [jakarta.persistence.sharedCache.mode] instead
2022-12-13T20:36:09.384+05:00  INFO 7788 --- [main] com.zaxxer.hikari.HikariDataSource       : HikariPool-1 - Starting...
