2022-12-12T21:52:26.036+05:00  INFO 2704 --- [http-nio-8080-exec-1] o.s.web.servlet.DispatcherServlet        : Completed initialization in 2 ms
2022-12-12T21:52:26.475+05:00  WARN 2704 --- [http-nio-8080-exec-9] ocalVariableTableParameterNameDiscoverer : Using deprecated '-debug' fallback for parameter name resolution. Compile the affected code with '-parameters' instead or avoid its introspection: com.example.kunuz.controller.RegionController
2022-12-12T21:52:26.665+05:00  WARN 2704 --- [http-nio-8080-exec-9] ocalVariableTableParameterNameDiscoverer : Using deprecated '-debug' fallback for parameter name resolution. Compile the affected code with '-parameters' instead or avoid its introspection: com.example.kunuz.controller.ProfileController
2022-12-12T21:52:26.694+05:00  WARN 2704 --- [http-nio-8080-exec-9] ocalVariableTableParameterNameDiscoverer : Using deprecated '-debug' fallback for parameter name resolution. Compile the affected code with '-parameters' instead or avoid its introspection: com.example.kunuz.controller.ArticleTypeController
2022-12-12T21:52:26.712+05:00  WARN 2704 --- [http-nio-8080-exec-9] ocalVariableTableParameterNameDiscoverer : Using deprecated '-debug' fallback for parameter name resolution. Compile the affected code with '-parameters' instead or avoid its introspection: com.example.kunuz.controller.ArticleController
2022-12-12T21:52:26.726+05:00  WARN 2704 --- [http-nio-8080-exec-9] ocalVariableTableParameterNameDiscoverer : Using deprecated '-debug' fallback for parameter name resolution. Compile the affected code with '-parameters' instead or avoid its introspection: com.example.kunuz.controller.SavedArticleController
2022-12-12T21:52:26.753+05:00  WARN 2704 --- [http-nio-8080-exec-9] ocalVariableTableParameterNameDiscoverer : Using deprecated '-debug' fallback for parameter name resolution. Compile the affected code with '-parameters' instead or avoid its introspection: com.example.kunuz.controller.AuthController
2022-12-12T21:52:26.766+05:00  WARN 2704 --- [http-nio-8080-exec-9] o.springdoc.core.models.ParameterInfo    : Using the following default value : ru, without spring conversionService
2022-12-12T21:52:26.771+05:00  WARN 2704 --- [http-nio-8080-exec-9] ocalVariableTableParameterNameDiscoverer : Using deprecated '-debug' fallback for parameter name resolution. Compile the affected code with '-parameters' instead or avoid its introspection: com.example.kunuz.controller.AttachController
2022-12-12T21:52:26.783+05:00  WARN 2704 --- [http-nio-8080-exec-9] ocalVariableTableParameterNameDiscoverer : Using deprecated '-debug' fallback for parameter name resolution. Compile the affected code with '-parameters' instead or avoid its introspection: com.example.kunuz.controller.ArticleLikeController
2022-12-12T21:52:26.809+05:00  WARN 2704 --- [http-nio-8080-exec-9] ocalVariableTableParameterNameDiscoverer : Using deprecated '-debug' fallback for parameter name resolution. Compile the affected code with '-parameters' instead or avoid its introspection: com.example.kunuz.controller.InitController
2022-12-12T21:52:26.811+05:00  WARN 2704 --- [http-nio-8080-exec-9] ocalVariableTableParameterNameDiscoverer : Using deprecated '-debug' fallback for parameter name resolution. Compile the affected code with '-parameters' instead or avoid its introspection: com.example.kunuz.controller.EmailHistoryController
2022-12-12T21:52:26.920+05:00  INFO 2704 --- [http-nio-8080-exec-9] o.springdoc.api.AbstractOpenApiResource  : Init duration for springdoc-openapi is: 614 ms
2022-12-12T21:54:18.896+05:00  INFO 2704 --- [SpringApplicationShutdownHook] j.LocalContainerEntityManagerFactoryBean : Closing JPA EntityManagerFactory for persistence unit 'default'
2022-12-12T21:54:18.897+05:00  INFO 2704 --- [SpringApplicationShutdownHook] com.zaxxer.hikari.HikariDataSource       : HikariPool-1 - Shutdown initiated...
2022-12-12T21:54:18.902+05:00  INFO 2704 --- [SpringApplicationShutdownHook] com.zaxxer.hikari.HikariDataSource       : HikariPool-1 - Shutdown completed.
2022-12-12T21:54:23.954+05:00  INFO 9224 --- [main] com.example.kunuz.KunUzApplication       : Starting KunUzApplication using Java 17.0.2 with PID 9224 (E:\Java\6-modul\KunUz\target\classes started by User in E:\Java\6-modul\KunUz)
2022-12-12T21:54:23.970+05:00 DEBUG 9224 --- [main] com.example.kunuz.KunUzApplication       : Running with Spring Boot v3.0.0, Spring v6.0.2
2022-12-12T21:54:23.971+05:00  INFO 9224 --- [main] com.example.kunuz.KunUzApplication       : No active profile set, falling back to 1 default profile: "default"
2022-12-12T21:54:25.049+05:00  INFO 9224 --- [main] .s.d.r.c.RepositoryConfigurationDelegate : Bootstrapping Spring Data JPA repositories in DEFAULT mode.
2022-12-12T21:54:25.134+05:00  INFO 9224 --- [main] .s.d.r.c.RepositoryConfigurationDelegate : Finished Spring Data repository scanning in 76 ms. Found 8 JPA repository interfaces.
2022-12-12T21:54:25.643+05:00  INFO 9224 --- [main] o.s.b.w.embedded.tomcat.TomcatWebServer  : Tomcat initialized with port(s): 8080 (http)
2022-12-12T21:54:25.652+05:00  INFO 9224 --- [main] o.apache.catalina.core.StandardService   : Starting service [Tomcat]
2022-12-12T21:54:25.652+05:00  INFO 9224 --- [main] o.apache.catalina.core.StandardEngine    : Starting Servlet engine: [Apache Tomcat/10.1.1]
2022-12-12T21:54:25.748+05:00  INFO 9224 --- [main] o.a.c.c.C.[Tomcat].[localhost].[/]       : Initializing Spring embedded WebApplicationContext
2022-12-12T21:54:25.748+05:00  INFO 9224 --- [main] w.s.c.ServletWebServerApplicationContext : Root WebApplicationContext: initialization completed in 1705 ms
2022-12-12T21:54:25.791+05:00 DEBUG 9224 --- [main] com.example.kunuz.config.TokenFilter     : Filter 'tokenFilter' configured for use
2022-12-12T21:54:25.904+05:00  INFO 9224 --- [main] o.hibernate.jpa.internal.util.LogHelper  : HHH000204: Processing PersistenceUnitInfo [name: default]
2022-12-12T21:54:25.952+05:00  INFO 9224 --- [main] org.hibernate.Version                    : HHH000412: Hibernate ORM core version 6.1.5.Final
2022-12-12T21:54:26.146+05:00  WARN 9224 --- [main] org.hibernate.orm.deprecation            : HHH90000021: Encountered deprecated setting [javax.persistence.sharedCache.mode], use [jakarta.persistence.sharedCache.mode] instead
2022-12-12T21:54:26.270+05:00  INFO 9224 --- [main] com.zaxxer.hikari.HikariDataSource       : HikariPool-1 - Starting...
2022-12-12T21:54:26.427+05:00  INFO 9224 --- [main] com.zaxxer.hikari.pool.HikariPool        : HikariPool-1 - Added connection org.postgresql.jdbc.PgConnection@2b098563
2022-12-12T21:54:26.431+05:00  INFO 9224 --- [main] com.zaxxer.hikari.HikariDataSource       : HikariPool-1 - Start completed.
2022-12-12T21:54:26.480+05:00  INFO 9224 --- [main] SQL dialect                              : HHH000400: Using dialect: org.hibernate.dialect.PostgreSQLDialect
2022-12-12T21:54:27.690+05:00  INFO 9224 --- [main] o.h.e.t.j.p.i.JtaPlatformInitiator       : HHH000490: Using JtaPlatform implementation: [org.hibernate.engine.transaction.jta.platform.internal.NoJtaPlatform]
2022-12-12T21:54:27.701+05:00  INFO 9224 --- [main] j.LocalContainerEntityManagerFactoryBean : Initialized JPA EntityManagerFactory for persistence unit 'default'
2022-12-12T21:54:28.532+05:00  WARN 9224 --- [main] JpaBaseConfiguration$JpaWebConfiguration : spring.jpa.open-in-view is enabled by default. Therefore, database queries may be performed during view rendering. Explicitly configure spring.jpa.open-in-view to disable this warning
2022-12-12T21:54:29.885+05:00  INFO 9224 --- [main] o.s.b.w.embedded.tomcat.TomcatWebServer  : Tomcat started on port(s): 8080 (http) with context path ''
2022-12-12T21:54:29.896+05:00  INFO 9224 --- [main] com.example.kunuz.KunUzApplication       : Started KunUzApplication in 6.57 seconds (process running for 7.298)
2022-12-12T21:54:32.648+05:00  INFO 9224 --- [http-nio-8080-exec-1] o.a.c.c.C.[Tomcat].[localhost].[/]       : Initializing Spring DispatcherServlet 'dispatcherServlet'
2022-12-12T21:54:32.650+05:00  INFO 9224 --- [http-nio-8080-exec-1] o.s.web.servlet.DispatcherServlet        : Initializing Servlet 'dispatcherServlet'
