2022-12-12T20:51:52.239+05:00  INFO 2836 --- [main] com.example.kunuz.KunUzApplication       : Starting KunUzApplication using Java 17.0.2 with PID 2836 (E:\Java\6-modul\KunUz\target\classes started by User in E:\Java\6-modul\KunUz)
2022-12-12T20:51:52.251+05:00 DEBUG 2836 --- [main] com.example.kunuz.KunUzApplication       : Running with Spring Boot v3.0.0, Spring v6.0.2
2022-12-12T20:51:52.253+05:00  INFO 2836 --- [main] com.example.kunuz.KunUzApplication       : No active profile set, falling back to 1 default profile: "default"
2022-12-12T20:51:52.946+05:00  INFO 2836 --- [main] .s.d.r.c.RepositoryConfigurationDelegate : Bootstrapping Spring Data JPA repositories in DEFAULT mode.
2022-12-12T20:51:53.061+05:00  INFO 2836 --- [main] .s.d.r.c.RepositoryConfigurationDelegate : Finished Spring Data repository scanning in 104 ms. Found 8 JPA repository interfaces.
2022-12-12T20:51:53.583+05:00  INFO 2836 --- [main] o.s.b.w.embedded.tomcat.TomcatWebServer  : Tomcat initialized with port(s): 8080 (http)
2022-12-12T20:51:53.596+05:00  INFO 2836 --- [main] o.apache.catalina.core.StandardService   : Starting service [Tomcat]
2022-12-12T20:51:53.597+05:00  INFO 2836 --- [main] o.apache.catalina.core.StandardEngine    : Starting Servlet engine: [Apache Tomcat/10.1.1]
2022-12-12T20:51:53.698+05:00  INFO 2836 --- [main] o.a.c.c.C.[Tomcat].[localhost].[/]       : Initializing Spring embedded WebApplicationContext
2022-12-12T20:51:53.699+05:00  INFO 2836 --- [main] w.s.c.ServletWebServerApplicationContext : Root WebApplicationContext: initialization completed in 1388 ms
2022-12-12T20:51:53.744+05:00 DEBUG 2836 --- [main] com.example.kunuz.config.TokenFilter     : Filter 'tokenFilter' configured for use
2022-12-12T20:51:53.858+05:00  INFO 2836 --- [main] o.hibernate.jpa.internal.util.LogHelper  : HHH000204: Processing PersistenceUnitInfo [name: default]
2022-12-12T20:51:53.895+05:00  INFO 2836 --- [main] org.hibernate.Version                    : HHH000412: Hibernate ORM core version 6.1.5.Final
2022-12-12T20:51:54.040+05:00  WARN 2836 --- [main] org.hibernate.orm.deprecation            : HHH90000021: Encountered deprecated setting [javax.persistence.sharedCache.mode], use [jakarta.persistence.sharedCache.mode] instead
2022-12-12T20:51:54.158+05:00  INFO 2836 --- [main] com.zaxxer.hikari.HikariDataSource       : HikariPool-1 - Starting...
2022-12-12T20:51:54.325+05:00  INFO 2836 --- [main] com.zaxxer.hikari.pool.HikariPool        : HikariPool-1 - Added connection org.postgresql.jdbc.PgConnection@44faa4f2
2022-12-12T20:51:54.326+05:00  INFO 2836 --- [main] com.zaxxer.hikari.HikariDataSource       : HikariPool-1 - Start completed.
2022-12-12T20:51:54.387+05:00  INFO 2836 --- [main] SQL dialect                              : HHH000400: Using dialect: org.hibernate.dialect.PostgreSQLDialect
2022-12-12T20:51:55.578+05:00  INFO 2836 --- [main] o.h.e.t.j.p.i.JtaPlatformInitiator       : HHH000490: Using JtaPlatform implementation: [org.hibernate.engine.transaction.jta.platform.internal.NoJtaPlatform]
2022-12-12T20:51:55.586+05:00  INFO 2836 --- [main] j.LocalContainerEntityManagerFactoryBean : Initialized JPA EntityManagerFactory for persistence unit 'default'
2022-12-12T20:51:56.292+05:00  WARN 2836 --- [main] JpaBaseConfiguration$JpaWebConfiguration : spring.jpa.open-in-view is enabled by default. Therefore, database queries may be performed during view rendering. Explicitly configure spring.jpa.open-in-view to disable this warning
2022-12-12T20:51:56.617+05:00  INFO 2836 --- [main] o.s.b.w.embedded.tomcat.TomcatWebServer  : Tomcat started on port(s): 8080 (http) with context path ''
2022-12-12T20:51:56.624+05:00  INFO 2836 --- [main] com.example.kunuz.KunUzApplication       : Started KunUzApplication in 4.84 seconds (process running for 5.432)
2022-12-12T20:52:20.039+05:00  INFO 2836 --- [http-nio-8080-exec-1] o.a.c.c.C.[Tomcat].[localhost].[/]       : Initializing Spring DispatcherServlet 'dispatcherServlet'
2022-12-12T20:52:20.040+05:00  INFO 2836 --- [http-nio-8080-exec-1] o.s.web.servlet.DispatcherServlet        : Initializing Servlet 'dispatcherServlet'
2022-12-12T20:52:20.041+05:00  INFO 2836 --- [http-nio-8080-exec-1] o.s.web.servlet.DispatcherServlet        : Completed initialization in 1 ms
2022-12-12T20:52:20.123+05:00 DEBUG 2836 --- [http-nio-8080-exec-1] c.e.kunuz.controller.AuthController      : Lod debug : LoginDTO{email='nazarovazimjon888@gmail.com'}
2022-12-12T20:52:20.123+05:00  WARN 2836 --- [http-nio-8080-exec-1] c.e.kunuz.controller.AuthController      : Log warn : LoginDTO{email='nazarovazimjon888@gmail.com'}
2022-12-12T20:52:20.123+05:00 ERROR 2836 --- [http-nio-8080-exec-1] c.e.kunuz.controller.AuthController      : Log error : LoginDTO{email='nazarovazimjon888@gmail.com'}
2022-12-12T20:52:20.123+05:00  INFO 2836 --- [http-nio-8080-exec-1] c.e.kunuz.controller.AuthController      : Authorization : LoginDTO{email='nazarovazimjon888@gmail.com'}
2022-12-12T20:52:27.621+05:00 DEBUG 2836 --- [http-nio-8080-exec-5] c.e.kunuz.controller.AuthController      : Lod debug : LoginDTO{email='nazarovazimjon888@gmail.com'}
2022-12-12T20:52:27.621+05:00  WARN 2836 --- [http-nio-8080-exec-5] c.e.kunuz.controller.AuthController      : Log warn : LoginDTO{email='nazarovazimjon888@gmail.com'}
2022-12-12T20:52:27.628+05:00 ERROR 2836 --- [http-nio-8080-exec-5] c.e.kunuz.controller.AuthController      : Log error : LoginDTO{email='nazarovazimjon888@gmail.com'}
2022-12-12T20:52:27.629+05:00  INFO 2836 --- [http-nio-8080-exec-5] c.e.kunuz.controller.AuthController      : Authorization : LoginDTO{email='nazarovazimjon888@gmail.com'}
