2022-12-13T20:36:09.592+05:00  INFO 7788 --- [main] com.zaxxer.hikari.pool.HikariPool        : HikariPool-1 - Added connection org.postgresql.jdbc.PgConnection@6c96403e
2022-12-13T20:36:09.596+05:00  INFO 7788 --- [main] com.zaxxer.hikari.HikariDataSource       : HikariPool-1 - Start completed.
2022-12-13T20:36:09.650+05:00  INFO 7788 --- [main] SQL dialect                              : HHH000400: Using dialect: org.hibernate.dialect.PostgreSQLDialect
2022-12-13T20:36:11.002+05:00  INFO 7788 --- [main] o.h.e.t.j.p.i.JtaPlatformInitiator       : HHH000490: Using JtaPlatform implementation: [org.hibernate.engine.transaction.jta.platform.internal.NoJtaPlatform]
2022-12-13T20:36:11.015+05:00  INFO 7788 --- [main] j.LocalContainerEntityManagerFactoryBean : Initialized JPA EntityManagerFactory for persistence unit 'default'
2022-12-13T20:36:12.008+05:00  WARN 7788 --- [main] JpaBaseConfiguration$JpaWebConfiguration : spring.jpa.open-in-view is enabled by default. Therefore, database queries may be performed during view rendering. Explicitly configure spring.jpa.open-in-view to disable this warning
2022-12-13T20:36:13.509+05:00  INFO 7788 --- [main] o.s.b.w.embedded.tomcat.TomcatWebServer  : Tomcat started on port(s): 8080 (http) with context path ''
2022-12-13T20:36:13.521+05:00  INFO 7788 --- [main] com.example.kunuz.KunUzApplication       : Started KunUzApplication in 7.183 seconds (process running for 8.019)
2022-12-13T20:36:16.736+05:00  INFO 7788 --- [http-nio-8080-exec-1] o.a.c.c.C.[Tomcat].[localhost].[/]       : Initializing Spring DispatcherServlet 'dispatcherServlet'
2022-12-13T20:36:16.736+05:00  INFO 7788 --- [http-nio-8080-exec-1] o.s.web.servlet.DispatcherServlet        : Initializing Servlet 'dispatcherServlet'
2022-12-13T20:36:16.738+05:00  INFO 7788 --- [http-nio-8080-exec-1] o.s.web.servlet.DispatcherServlet        : Completed initialization in 1 ms
2022-12-13T20:36:17.100+05:00  WARN 7788 --- [http-nio-8080-exec-6] ocalVariableTableParameterNameDiscoverer : Using deprecated '-debug' fallback for parameter name resolution. Compile the affected code with '-parameters' instead or avoid its introspection: com.example.kunuz.controller.RegionController
2022-12-13T20:36:17.302+05:00  WARN 7788 --- [http-nio-8080-exec-6] ocalVariableTableParameterNameDiscoverer : Using deprecated '-debug' fallback for parameter name resolution. Compile the affected code with '-parameters' instead or avoid its introspection: com.example.kunuz.controller.ProfileController
2022-12-13T20:36:17.336+05:00  WARN 7788 --- [http-nio-8080-exec-6] ocalVariableTableParameterNameDiscoverer : Using deprecated '-debug' fallback for parameter name resolution. Compile the affected code with '-parameters' instead or avoid its introspection: com.example.kunuz.controller.ArticleTypeController
2022-12-13T20:36:17.353+05:00  WARN 7788 --- [http-nio-8080-exec-6] ocalVariableTableParameterNameDiscoverer : Using deprecated '-debug' fallback for parameter name resolution. Compile the affected code with '-parameters' instead or avoid its introspection: com.example.kunuz.controller.ArticleController
2022-12-13T20:36:17.366+05:00  WARN 7788 --- [http-nio-8080-exec-6] ocalVariableTableParameterNameDiscoverer : Using deprecated '-debug' fallback for parameter name resolution. Compile the affected code with '-parameters' instead or avoid its introspection: com.example.kunuz.controller.SavedArticleController
2022-12-13T20:36:17.395+05:00  WARN 7788 --- [http-nio-8080-exec-6] ocalVariableTableParameterNameDiscoverer : Using deprecated '-debug' fallback for parameter name resolution. Compile the affected code with '-parameters' instead or avoid its introspection: com.example.kunuz.controller.AuthController
2022-12-13T20:36:17.404+05:00  WARN 7788 --- [http-nio-8080-exec-6] o.springdoc.core.models.ParameterInfo    : Using the following default value : ru, without spring conversionService
2022-12-13T20:36:17.412+05:00  WARN 7788 --- [http-nio-8080-exec-6] ocalVariableTableParameterNameDiscoverer : Using deprecated '-debug' fallback for parameter name resolution. Compile the affected code with '-parameters' instead or avoid its introspection: com.example.kunuz.controller.AttachController
2022-12-13T20:36:17.421+05:00  WARN 7788 --- [http-nio-8080-exec-6] ocalVariableTableParameterNameDiscoverer : Using deprecated '-debug' fallback for parameter name resolution. Compile the affected code with '-parameters' instead or avoid its introspection: com.example.kunuz.controller.ArticleLikeController
2022-12-13T20:36:17.445+05:00  WARN 7788 --- [http-nio-8080-exec-6] ocalVariableTableParameterNameDiscoverer : Using deprecated '-debug' fallback for parameter name resolution. Compile the affected code with '-parameters' instead or avoid its introspection: com.example.kunuz.controller.InitController
2022-12-13T20:36:17.448+05:00  WARN 7788 --- [http-nio-8080-exec-6] ocalVariableTableParameterNameDiscoverer : Using deprecated '-debug' fallback for parameter name resolution. Compile the affected code with '-parameters' instead or avoid its introspection: com.example.kunuz.controller.EmailHistoryController
2022-12-13T20:36:17.508+05:00  INFO 7788 --- [http-nio-8080-exec-6] o.springdoc.api.AbstractOpenApiResource  : Init duration for springdoc-openapi is: 545 ms
