2022-12-12T21:47:59.218+05:00  INFO 13044 --- [main] o.s.b.w.embedded.tomcat.TomcatWebServer  : Tomcat started on port(s): 8080 (http) with context path ''
2022-12-12T21:47:59.227+05:00  INFO 13044 --- [main] com.example.kunuz.KunUzApplication       : Started KunUzApplication in 5.614 seconds (process running for 6.322)
2022-12-12T21:48:16.232+05:00  INFO 13044 --- [http-nio-8080-exec-1] o.a.c.c.C.[Tomcat].[localhost].[/]       : Initializing Spring DispatcherServlet 'dispatcherServlet'
2022-12-12T21:48:16.233+05:00  INFO 13044 --- [http-nio-8080-exec-1] o.s.web.servlet.DispatcherServlet        : Initializing Servlet 'dispatcherServlet'
2022-12-12T21:48:16.234+05:00  INFO 13044 --- [http-nio-8080-exec-1] o.s.web.servlet.DispatcherServlet        : Completed initialization in 1 ms
2022-12-12T21:48:16.693+05:00  WARN 13044 --- [http-nio-8080-exec-10] ocalVariableTableParameterNameDiscoverer : Using deprecated '-debug' fallback for parameter name resolution. Compile the affected code with '-parameters' instead or avoid its introspection: com.example.kunuz.controller.RegionController
2022-12-12T21:48:16.837+05:00  WARN 13044 --- [http-nio-8080-exec-10] ocalVariableTableParameterNameDiscoverer : Using deprecated '-debug' fallback for parameter name resolution. Compile the affected code with '-parameters' instead or avoid its introspection: com.example.kunuz.controller.ProfileController
2022-12-12T21:48:16.858+05:00  WARN 13044 --- [http-nio-8080-exec-10] ocalVariableTableParameterNameDiscoverer : Using deprecated '-debug' fallback for parameter name resolution. Compile the affected code with '-parameters' instead or avoid its introspection: com.example.kunuz.controller.ArticleTypeController
2022-12-12T21:48:16.871+05:00  WARN 13044 --- [http-nio-8080-exec-10] ocalVariableTableParameterNameDiscoverer : Using deprecated '-debug' fallback for parameter name resolution. Compile the affected code with '-parameters' instead or avoid its introspection: com.example.kunuz.controller.ArticleController
2022-12-12T21:48:16.880+05:00  WARN 13044 --- [http-nio-8080-exec-10] ocalVariableTableParameterNameDiscoverer : Using deprecated '-debug' fallback for parameter name resolution. Compile the affected code with '-parameters' instead or avoid its introspection: com.example.kunuz.controller.SavedArticleController
2022-12-12T21:48:16.898+05:00  WARN 13044 --- [http-nio-8080-exec-10] ocalVariableTableParameterNameDiscoverer : Using deprecated '-debug' fallback for parameter name resolution. Compile the affected code with '-parameters' instead or avoid its introspection: com.example.kunuz.controller.AuthController
2022-12-12T21:48:16.910+05:00  WARN 13044 --- [http-nio-8080-exec-10] o.springdoc.core.models.ParameterInfo    : Using the following default value : ru, without spring conversionService
2022-12-12T21:48:16.916+05:00  WARN 13044 --- [http-nio-8080-exec-10] ocalVariableTableParameterNameDiscoverer : Using deprecated '-debug' fallback for parameter name resolution. Compile the affected code with '-parameters' instead or avoid its introspection: com.example.kunuz.controller.AttachController
2022-12-12T21:48:16.926+05:00  WARN 13044 --- [http-nio-8080-exec-10] ocalVariableTableParameterNameDiscoverer : Using deprecated '-debug' fallback for parameter name resolution. Compile the affected code with '-parameters' instead or avoid its introspection: com.example.kunuz.controller.ArticleLikeController
2022-12-12T21:48:16.948+05:00  WARN 13044 --- [http-nio-8080-exec-10] ocalVariableTableParameterNameDiscoverer : Using deprecated '-debug' fallback for parameter name resolution. Compile the affected code with '-parameters' instead or avoid its introspection: com.example.kunuz.controller.InitController
2022-12-12T21:48:16.950+05:00  WARN 13044 --- [http-nio-8080-exec-10] ocalVariableTableParameterNameDiscoverer : Using deprecated '-debug' fallback for parameter name resolution. Compile the affected code with '-parameters' instead or avoid its introspection: com.example.kunuz.controller.EmailHistoryController
2022-12-12T21:48:16.991+05:00  INFO 13044 --- [http-nio-8080-exec-10] o.springdoc.api.AbstractOpenApiResource  : Init duration for springdoc-openapi is: 398 ms
2022-12-12T21:50:49.722+05:00  INFO 13044 --- [SpringApplicationShutdownHook] j.LocalContainerEntityManagerFactoryBean : Closing JPA EntityManagerFactory for persistence unit 'default'
2022-12-12T21:50:49.724+05:00  INFO 13044 --- [SpringApplicationShutdownHook] com.zaxxer.hikari.HikariDataSource       : HikariPool-1 - Shutdown initiated...
2022-12-12T21:50:49.728+05:00  INFO 13044 --- [SpringApplicationShutdownHook] com.zaxxer.hikari.HikariDataSource       : HikariPool-1 - Shutdown completed.
2022-12-12T21:50:56.689+05:00  INFO 8480 --- [main] com.example.kunuz.KunUzApplication       : Starting KunUzApplication using Java 17.0.2 with PID 8480 (E:\Java\6-modul\KunUz\target\classes started by User in E:\Java\6-modul\KunUz)
2022-12-12T21:50:56.715+05:00 DEBUG 8480 --- [main] com.example.kunuz.KunUzApplication       : Running with Spring Boot v3.0.0, Spring v6.0.2
2022-12-12T21:50:56.717+05:00  INFO 8480 --- [main] com.example.kunuz.KunUzApplication       : No active profile set, falling back to 1 default profile: "default"
2022-12-12T21:50:57.984+05:00  INFO 8480 --- [main] .s.d.r.c.RepositoryConfigurationDelegate : Bootstrapping Spring Data JPA repositories in DEFAULT mode.
2022-12-12T21:50:58.121+05:00  INFO 8480 --- [main] .s.d.r.c.RepositoryConfigurationDelegate : Finished Spring Data repository scanning in 108 ms. Found 8 JPA repository interfaces.
2022-12-12T21:50:58.766+05:00  INFO 8480 --- [main] o.s.b.w.embedded.tomcat.TomcatWebServer  : Tomcat initialized with port(s): 8080 (http)
2022-12-12T21:50:58.776+05:00  INFO 8480 --- [main] o.apache.catalina.core.StandardService   : Starting service [Tomcat]
2022-12-12T21:50:58.778+05:00  INFO 8480 --- [main] o.apache.catalina.core.StandardEngine    : Starting Servlet engine: [Apache Tomcat/10.1.1]
2022-12-12T21:50:58.907+05:00  INFO 8480 --- [main] o.a.c.c.C.[Tomcat].[localhost].[/]       : Initializing Spring embedded WebApplicationContext
2022-12-12T21:50:58.907+05:00  INFO 8480 --- [main] w.s.c.ServletWebServerApplicationContext : Root WebApplicationContext: initialization completed in 2102 ms
2022-12-12T21:50:58.963+05:00 DEBUG 8480 --- [main] com.example.kunuz.config.TokenFilter     : Filter 'tokenFilter' configured for use
2022-12-12T21:50:59.098+05:00  INFO 8480 --- [main] o.hibernate.jpa.internal.util.LogHelper  : HHH000204: Processing PersistenceUnitInfo [name: default]
2022-12-12T21:50:59.150+05:00  INFO 8480 --- [main] org.hibernate.Version                    : HHH000412: Hibernate ORM core version 6.1.5.Final
2022-12-12T21:50:59.303+05:00  WARN 8480 --- [main] org.hibernate.orm.deprecation            : HHH90000021: Encountered deprecated setting [javax.persistence.sharedCache.mode], use [jakarta.persistence.sharedCache.mode] instead
2022-12-12T21:50:59.447+05:00  INFO 8480 --- [main] com.zaxxer.hikari.HikariDataSource       : HikariPool-1 - Starting...
2022-12-12T21:50:59.717+05:00  INFO 8480 --- [main] com.zaxxer.hikari.pool.HikariPool        : HikariPool-1 - Added connection org.postgresql.jdbc.PgConnection@36dafa24
2022-12-12T21:50:59.720+05:00  INFO 8480 --- [main] com.zaxxer.hikari.HikariDataSource       : HikariPool-1 - Start completed.
2022-12-12T21:50:59.814+05:00  INFO 8480 --- [main] SQL dialect                              : HHH000400: Using dialect: org.hibernate.dialect.PostgreSQLDialect
2022-12-12T21:51:01.278+05:00  INFO 8480 --- [main] o.h.e.t.j.p.i.JtaPlatformInitiator       : HHH000490: Using JtaPlatform implementation: [org.hibernate.engine.transaction.jta.platform.internal.NoJtaPlatform]
2022-12-12T21:51:01.287+05:00  INFO 8480 --- [main] j.LocalContainerEntityManagerFactoryBean : Initialized JPA EntityManagerFactory for persistence unit 'default'
2022-12-12T21:51:02.381+05:00  WARN 8480 --- [main] JpaBaseConfiguration$JpaWebConfiguration : spring.jpa.open-in-view is enabled by default. Therefore, database queries may be performed during view rendering. Explicitly configure spring.jpa.open-in-view to disable this warning
