2022-12-12T20:48:00.621+05:00  INFO 16816 --- [main] com.example.kunuz.KunUzApplication       : Starting KunUzApplication using Java 17.0.2 with PID 16816 (E:\Java\6-modul\KunUz\target\classes started by User in E:\Java\6-modul\KunUz)
2022-12-12T20:48:00.634+05:00 DEBUG 16816 --- [main] com.example.kunuz.KunUzApplication       : Running with Spring Boot v3.0.0, Spring v6.0.2
2022-12-12T20:48:00.635+05:00  INFO 16816 --- [main] com.example.kunuz.KunUzApplication       : No active profile set, falling back to 1 default profile: "default"
2022-12-12T20:48:01.252+05:00  INFO 16816 --- [main] .s.d.r.c.RepositoryConfigurationDelegate : Bootstrapping Spring Data JPA repositories in DEFAULT mode.
2022-12-12T20:48:01.338+05:00  INFO 16816 --- [main] .s.d.r.c.RepositoryConfigurationDelegate : Finished Spring Data repository scanning in 79 ms. Found 8 JPA repository interfaces.
2022-12-12T20:48:01.826+05:00  INFO 16816 --- [main] o.s.b.w.embedded.tomcat.TomcatWebServer  : Tomcat initialized with port(s): 8080 (http)
2022-12-12T20:48:01.835+05:00  INFO 16816 --- [main] o.apache.catalina.core.StandardService   : Starting service [Tomcat]
2022-12-12T20:48:01.836+05:00  INFO 16816 --- [main] o.apache.catalina.core.StandardEngine    : Starting Servlet engine: [Apache Tomcat/10.1.1]
2022-12-12T20:48:01.918+05:00  INFO 16816 --- [main] o.a.c.c.C.[Tomcat].[localhost].[/]       : Initializing Spring embedded WebApplicationContext
2022-12-12T20:48:01.918+05:00  INFO 16816 --- [main] w.s.c.ServletWebServerApplicationContext : Root WebApplicationContext: initialization completed in 1236 ms
2022-12-12T20:48:01.960+05:00 DEBUG 16816 --- [main] com.example.kunuz.config.TokenFilter     : Filter 'tokenFilter' configured for use
2022-12-12T20:48:02.056+05:00  INFO 16816 --- [main] o.hibernate.jpa.internal.util.LogHelper  : HHH000204: Processing PersistenceUnitInfo [name: default]
2022-12-12T20:48:02.116+05:00  INFO 16816 --- [main] org.hibernate.Version                    : HHH000412: Hibernate ORM core version 6.1.5.Final
2022-12-12T20:48:02.233+05:00  WARN 16816 --- [main] org.hibernate.orm.deprecation            : HHH90000021: Encountered deprecated setting [javax.persistence.sharedCache.mode], use [jakarta.persistence.sharedCache.mode] instead
2022-12-12T20:48:02.329+05:00  INFO 16816 --- [main] com.zaxxer.hikari.HikariDataSource       : HikariPool-1 - Starting...
2022-12-12T20:48:02.501+05:00  INFO 16816 --- [main] com.zaxxer.hikari.pool.HikariPool        : HikariPool-1 - Added connection org.postgresql.jdbc.PgConnection@69b3886f
2022-12-12T20:48:02.503+05:00  INFO 16816 --- [main] com.zaxxer.hikari.HikariDataSource       : HikariPool-1 - Start completed.
2022-12-12T20:48:02.570+05:00  INFO 16816 --- [main] SQL dialect                              : HHH000400: Using dialect: org.hibernate.dialect.PostgreSQLDialect
2022-12-12T20:48:03.679+05:00  INFO 16816 --- [main] o.h.e.t.j.p.i.JtaPlatformInitiator       : HHH000490: Using JtaPlatform implementation: [org.hibernate.engine.transaction.jta.platform.internal.NoJtaPlatform]
2022-12-12T20:48:03.686+05:00  INFO 16816 --- [main] j.LocalContainerEntityManagerFactoryBean : Initialized JPA EntityManagerFactory for persistence unit 'default'
2022-12-12T20:48:04.375+05:00  WARN 16816 --- [main] JpaBaseConfiguration$JpaWebConfiguration : spring.jpa.open-in-view is enabled by default. Therefore, database queries may be performed during view rendering. Explicitly configure spring.jpa.open-in-view to disable this warning
2022-12-12T20:48:04.706+05:00  INFO 16816 --- [main] o.s.b.w.embedded.tomcat.TomcatWebServer  : Tomcat started on port(s): 8080 (http) with context path ''
2022-12-12T20:48:04.715+05:00  INFO 16816 --- [main] com.example.kunuz.KunUzApplication       : Started KunUzApplication in 4.518 seconds (process running for 5.108)
2022-12-12T20:48:17.118+05:00  INFO 16816 --- [http-nio-8080-exec-1] o.a.c.c.C.[Tomcat].[localhost].[/]       : Initializing Spring DispatcherServlet 'dispatcherServlet'
2022-12-12T20:48:17.118+05:00  INFO 16816 --- [http-nio-8080-exec-1] o.s.web.servlet.DispatcherServlet        : Initializing Servlet 'dispatcherServlet'
2022-12-12T20:48:17.119+05:00  INFO 16816 --- [http-nio-8080-exec-1] o.s.web.servlet.DispatcherServlet        : Completed initialization in 1 ms
2022-12-12T20:48:17.234+05:00 DEBUG 16816 --- [http-nio-8080-exec-1] c.e.kunuz.controller.AuthController      : Lod debug : LoginDTO{email='nazarovazimjon888@gmail.com'}
2022-12-12T20:48:17.236+05:00  WARN 16816 --- [http-nio-8080-exec-1] c.e.kunuz.controller.AuthController      : Log warn : LoginDTO{email='nazarovazimjon888@gmail.com'}
2022-12-12T20:48:17.236+05:00 ERROR 16816 --- [http-nio-8080-exec-1] c.e.kunuz.controller.AuthController      : Log error : LoginDTO{email='nazarovazimjon888@gmail.com'}
2022-12-12T20:48:17.236+05:00  INFO 16816 --- [http-nio-8080-exec-1] c.e.kunuz.controller.AuthController      : Authorization : LoginDTO{email='nazarovazimjon888@gmail.com'}
2022-12-12T20:49:12.550+05:00  INFO 16816 --- [SpringApplicationShutdownHook] j.LocalContainerEntityManagerFactoryBean : Closing JPA EntityManagerFactory for persistence unit 'default'
2022-12-12T20:49:12.552+05:00  INFO 16816 --- [SpringApplicationShutdownHook] com.zaxxer.hikari.HikariDataSource       : HikariPool-1 - Shutdown initiated...
2022-12-12T20:49:12.556+05:00  INFO 16816 --- [SpringApplicationShutdownHook] com.zaxxer.hikari.HikariDataSource       : HikariPool-1 - Shutdown completed.
2022-12-12T20:49:15.084+05:00  INFO 3496 --- [main] com.example.kunuz.KunUzApplication       : Starting KunUzApplication using Java 17.0.2 with PID 3496 (E:\Java\6-modul\KunUz\target\classes started by User in E:\Java\6-modul\KunUz)
2022-12-12T20:49:15.098+05:00 DEBUG 3496 --- [main] com.example.kunuz.KunUzApplication       : Running with Spring Boot v3.0.0, Spring v6.0.2
2022-12-12T20:49:15.099+05:00  INFO 3496 --- [main] com.example.kunuz.KunUzApplication       : No active profile set, falling back to 1 default profile: "default"
2022-12-12T20:49:15.841+05:00  INFO 3496 --- [main] .s.d.r.c.RepositoryConfigurationDelegate : Bootstrapping Spring Data JPA repositories in DEFAULT mode.
2022-12-12T20:49:15.933+05:00  INFO 3496 --- [main] .s.d.r.c.RepositoryConfigurationDelegate : Finished Spring Data repository scanning in 84 ms. Found 8 JPA repository interfaces.
2022-12-12T20:49:16.472+05:00  INFO 3496 --- [main] o.s.b.w.embedded.tomcat.TomcatWebServer  : Tomcat initialized with port(s): 8080 (http)
2022-12-12T20:49:16.481+05:00  INFO 3496 --- [main] o.apache.catalina.core.StandardService   : Starting service [Tomcat]
2022-12-12T20:49:16.481+05:00  INFO 3496 --- [main] o.apache.catalina.core.StandardEngine    : Starting Servlet engine: [Apache Tomcat/10.1.1]
2022-12-12T20:49:16.562+05:00  INFO 3496 --- [main] o.a.c.c.C.[Tomcat].[localhost].[/]       : Initializing Spring embedded WebApplicationContext
2022-12-12T20:49:16.563+05:00  INFO 3496 --- [main] w.s.c.ServletWebServerApplicationContext : Root WebApplicationContext: initialization completed in 1394 ms
2022-12-12T20:49:16.603+05:00 DEBUG 3496 --- [main] com.example.kunuz.config.TokenFilter     : Filter 'tokenFilter' configured for use
2022-12-12T20:49:16.716+05:00  INFO 3496 --- [main] o.hibernate.jpa.internal.util.LogHelper  : HHH000204: Processing PersistenceUnitInfo [name: default]
2022-12-12T20:49:16.767+05:00  INFO 3496 --- [main] org.hibernate.Version                    : HHH000412: Hibernate ORM core version 6.1.5.Final
2022-12-12T20:49:16.900+05:00  WARN 3496 --- [main] org.hibernate.orm.deprecation            : HHH90000021: Encountered deprecated setting [javax.persistence.sharedCache.mode], use [jakarta.persistence.sharedCache.mode] instead
2022-12-12T20:49:16.995+05:00  INFO 3496 --- [main] com.zaxxer.hikari.HikariDataSource       : HikariPool-1 - Starting...
2022-12-12T20:49:17.154+05:00  INFO 3496 --- [main] com.zaxxer.hikari.pool.HikariPool        : HikariPool-1 - Added connection org.postgresql.jdbc.PgConnection@5c82031b
2022-12-12T20:49:17.156+05:00  INFO 3496 --- [main] com.zaxxer.hikari.HikariDataSource       : HikariPool-1 - Start completed.
2022-12-12T20:49:17.205+05:00  INFO 3496 --- [main] SQL dialect                              : HHH000400: Using dialect: org.hibernate.dialect.PostgreSQLDialect
2022-12-12T20:49:18.405+05:00  INFO 3496 --- [main] o.h.e.t.j.p.i.JtaPlatformInitiator       : HHH000490: Using JtaPlatform implementation: [org.hibernate.engine.transaction.jta.platform.internal.NoJtaPlatform]
2022-12-12T20:49:18.413+05:00  INFO 3496 --- [main] j.LocalContainerEntityManagerFactoryBean : Initialized JPA EntityManagerFactory for persistence unit 'default'
2022-12-12T20:49:19.137+05:00  WARN 3496 --- [main] JpaBaseConfiguration$JpaWebConfiguration : spring.jpa.open-in-view is enabled by default. Therefore, database queries may be performed during view rendering. Explicitly configure spring.jpa.open-in-view to disable this warning
2022-12-12T20:49:19.483+05:00  INFO 3496 --- [main] o.s.b.w.embedded.tomcat.TomcatWebServer  : Tomcat started on port(s): 8080 (http) with context path ''
2022-12-12T20:49:19.492+05:00  INFO 3496 --- [main] com.example.kunuz.KunUzApplication       : Started KunUzApplication in 4.812 seconds (process running for 5.371)
2022-12-12T20:49:26.128+05:00  INFO 3496 --- [http-nio-8080-exec-1] o.a.c.c.C.[Tomcat].[localhost].[/]       : Initializing Spring DispatcherServlet 'dispatcherServlet'
2022-12-12T20:49:26.129+05:00  INFO 3496 --- [http-nio-8080-exec-1] o.s.web.servlet.DispatcherServlet        : Initializing Servlet 'dispatcherServlet'
2022-12-12T20:49:26.130+05:00  INFO 3496 --- [http-nio-8080-exec-1] o.s.web.servlet.DispatcherServlet        : Completed initialization in 1 ms
2022-12-12T20:49:26.236+05:00 DEBUG 3496 --- [http-nio-8080-exec-1] c.e.kunuz.controller.AuthController      : Lod debug : LoginDTO{email='nazarovazimjon888@gmail.com'}
2022-12-12T20:49:26.236+05:00  WARN 3496 --- [http-nio-8080-exec-1] c.e.kunuz.controller.AuthController      : Log warn : LoginDTO{email='nazarovazimjon888@gmail.com'}
2022-12-12T20:49:26.236+05:00 ERROR 3496 --- [http-nio-8080-exec-1] c.e.kunuz.controller.AuthController      : Log error : LoginDTO{email='nazarovazimjon888@gmail.com'}
2022-12-12T20:49:26.236+05:00  INFO 3496 --- [http-nio-8080-exec-1] c.e.kunuz.controller.AuthController      : Authorization : LoginDTO{email='nazarovazimjon888@gmail.com'}
2022-12-12T20:49:45.388+05:00 DEBUG 3496 --- [http-nio-8080-exec-2] c.e.kunuz.controller.AuthController      : Lod debug : LoginDTO{email='nazarovazimjon888@gmail.com'}
2022-12-12T20:49:45.388+05:00  WARN 3496 --- [http-nio-8080-exec-2] c.e.kunuz.controller.AuthController      : Log warn : LoginDTO{email='nazarovazimjon888@gmail.com'}
2022-12-12T20:49:45.388+05:00 ERROR 3496 --- [http-nio-8080-exec-2] c.e.kunuz.controller.AuthController      : Log error : LoginDTO{email='nazarovazimjon888@gmail.com'}
2022-12-12T20:49:45.388+05:00  INFO 3496 --- [http-nio-8080-exec-2] c.e.kunuz.controller.AuthController      : Authorization : LoginDTO{email='nazarovazimjon888@gmail.com'}
2022-12-12T20:49:46.253+05:00 DEBUG 3496 --- [http-nio-8080-exec-4] c.e.kunuz.controller.AuthController      : Lod debug : LoginDTO{email='nazarovazimjon888@gmail.com'}
2022-12-12T20:49:46.254+05:00  WARN 3496 --- [http-nio-8080-exec-4] c.e.kunuz.controller.AuthController      : Log warn : LoginDTO{email='nazarovazimjon888@gmail.com'}
2022-12-12T20:49:46.254+05:00 ERROR 3496 --- [http-nio-8080-exec-4] c.e.kunuz.controller.AuthController      : Log error : LoginDTO{email='nazarovazimjon888@gmail.com'}
2022-12-12T20:49:46.254+05:00  INFO 3496 --- [http-nio-8080-exec-4] c.e.kunuz.controller.AuthController      : Authorization : LoginDTO{email='nazarovazimjon888@gmail.com'}
2022-12-12T20:49:47.137+05:00 DEBUG 3496 --- [http-nio-8080-exec-8] c.e.kunuz.controller.AuthController      : Lod debug : LoginDTO{email='nazarovazimjon888@gmail.com'}
2022-12-12T20:49:47.138+05:00  WARN 3496 --- [http-nio-8080-exec-8] c.e.kunuz.controller.AuthController      : Log warn : LoginDTO{email='nazarovazimjon888@gmail.com'}
2022-12-12T20:49:47.138+05:00 ERROR 3496 --- [http-nio-8080-exec-8] c.e.kunuz.controller.AuthController      : Log error : LoginDTO{email='nazarovazimjon888@gmail.com'}
2022-12-12T20:49:47.138+05:00  INFO 3496 --- [http-nio-8080-exec-8] c.e.kunuz.controller.AuthController      : Authorization : LoginDTO{email='nazarovazimjon888@gmail.com'}
2022-12-12T20:49:48.116+05:00 DEBUG 3496 --- [http-nio-8080-exec-6] c.e.kunuz.controller.AuthController      : Lod debug : LoginDTO{email='nazarovazimjon888@gmail.com'}
2022-12-12T20:49:48.116+05:00  WARN 3496 --- [http-nio-8080-exec-6] c.e.kunuz.controller.AuthController      : Log warn : LoginDTO{email='nazarovazimjon888@gmail.com'}
2022-12-12T20:49:48.116+05:00 ERROR 3496 --- [http-nio-8080-exec-6] c.e.kunuz.controller.AuthController      : Log error : LoginDTO{email='nazarovazimjon888@gmail.com'}
2022-12-12T20:49:48.117+05:00  INFO 3496 --- [http-nio-8080-exec-6] c.e.kunuz.controller.AuthController      : Authorization : LoginDTO{email='nazarovazimjon888@gmail.com'}
2022-12-12T20:49:49.057+05:00 DEBUG 3496 --- [http-nio-8080-exec-9] c.e.kunuz.controller.AuthController      : Lod debug : LoginDTO{email='nazarovazimjon888@gmail.com'}
2022-12-12T20:49:49.057+05:00  WARN 3496 --- [http-nio-8080-exec-9] c.e.kunuz.controller.AuthController      : Log warn : LoginDTO{email='nazarovazimjon888@gmail.com'}
2022-12-12T20:49:49.057+05:00 ERROR 3496 --- [http-nio-8080-exec-9] c.e.kunuz.controller.AuthController      : Log error : LoginDTO{email='nazarovazimjon888@gmail.com'}
2022-12-12T20:49:49.057+05:00  INFO 3496 --- [http-nio-8080-exec-9] c.e.kunuz.controller.AuthController      : Authorization : LoginDTO{email='nazarovazimjon888@gmail.com'}
2022-12-12T20:49:50.157+05:00 DEBUG 3496 --- [http-nio-8080-exec-1] c.e.kunuz.controller.AuthController      : Lod debug : LoginDTO{email='nazarovazimjon888@gmail.com'}
2022-12-12T20:49:50.158+05:00  WARN 3496 --- [http-nio-8080-exec-1] c.e.kunuz.controller.AuthController      : Log warn : LoginDTO{email='nazarovazimjon888@gmail.com'}
2022-12-12T20:49:50.158+05:00 ERROR 3496 --- [http-nio-8080-exec-1] c.e.kunuz.controller.AuthController      : Log error : LoginDTO{email='nazarovazimjon888@gmail.com'}
2022-12-12T20:49:50.158+05:00  INFO 3496 --- [http-nio-8080-exec-1] c.e.kunuz.controller.AuthController      : Authorization : LoginDTO{email='nazarovazimjon888@gmail.com'}
2022-12-12T20:49:56.089+05:00 DEBUG 3496 --- [http-nio-8080-exec-3] c.e.kunuz.controller.AuthController      : Lod debug : LoginDTO{email='nazarovazimjon888@gmail.com'}
2022-12-12T20:49:56.089+05:00  WARN 3496 --- [http-nio-8080-exec-3] c.e.kunuz.controller.AuthController      : Log warn : LoginDTO{email='nazarovazimjon888@gmail.com'}
2022-12-12T20:49:56.089+05:00 ERROR 3496 --- [http-nio-8080-exec-3] c.e.kunuz.controller.AuthController      : Log error : LoginDTO{email='nazarovazimjon888@gmail.com'}
2022-12-12T20:49:56.089+05:00  INFO 3496 --- [http-nio-8080-exec-3] c.e.kunuz.controller.AuthController      : Authorization : LoginDTO{email='nazarovazimjon888@gmail.com'}
2022-12-12T20:49:57.418+05:00 DEBUG 3496 --- [http-nio-8080-exec-8] c.e.kunuz.controller.AuthController      : Lod debug : LoginDTO{email='nazarovazimjon888@gmail.com'}
2022-12-12T20:49:57.418+05:00  WARN 3496 --- [http-nio-8080-exec-8] c.e.kunuz.controller.AuthController      : Log warn : LoginDTO{email='nazarovazimjon888@gmail.com'}
2022-12-12T20:49:57.418+05:00 ERROR 3496 --- [http-nio-8080-exec-8] c.e.kunuz.controller.AuthController      : Log error : LoginDTO{email='nazarovazimjon888@gmail.com'}
2022-12-12T20:49:57.418+05:00  INFO 3496 --- [http-nio-8080-exec-8] c.e.kunuz.controller.AuthController      : Authorization : LoginDTO{email='nazarovazimjon888@gmail.com'}
2022-12-12T20:49:59.167+05:00 DEBUG 3496 --- [http-nio-8080-exec-6] c.e.kunuz.controller.AuthController      : Lod debug : LoginDTO{email='nazarovazimjon888@gmail.com'}
2022-12-12T20:49:59.167+05:00  WARN 3496 --- [http-nio-8080-exec-6] c.e.kunuz.controller.AuthController      : Log warn : LoginDTO{email='nazarovazimjon888@gmail.com'}
2022-12-12T20:49:59.167+05:00 ERROR 3496 --- [http-nio-8080-exec-6] c.e.kunuz.controller.AuthController      : Log error : LoginDTO{email='nazarovazimjon888@gmail.com'}
2022-12-12T20:49:59.168+05:00  INFO 3496 --- [http-nio-8080-exec-6] c.e.kunuz.controller.AuthController      : Authorization : LoginDTO{email='nazarovazimjon888@gmail.com'}
2022-12-12T20:50:00.422+05:00 DEBUG 3496 --- [http-nio-8080-exec-9] c.e.kunuz.controller.AuthController      : Lod debug : LoginDTO{email='nazarovazimjon888@gmail.com'}
2022-12-12T20:50:00.422+05:00  WARN 3496 --- [http-nio-8080-exec-9] c.e.kunuz.controller.AuthController      : Log warn : LoginDTO{email='nazarovazimjon888@gmail.com'}
2022-12-12T20:50:00.422+05:00 ERROR 3496 --- [http-nio-8080-exec-9] c.e.kunuz.controller.AuthController      : Log error : LoginDTO{email='nazarovazimjon888@gmail.com'}
2022-12-12T20:50:00.422+05:00  INFO 3496 --- [http-nio-8080-exec-9] c.e.kunuz.controller.AuthController      : Authorization : LoginDTO{email='nazarovazimjon888@gmail.com'}
2022-12-12T20:50:01.721+05:00 DEBUG 3496 --- [http-nio-8080-exec-1] c.e.kunuz.controller.AuthController      : Lod debug : LoginDTO{email='nazarovazimjon888@gmail.com'}
2022-12-12T20:50:01.722+05:00  WARN 3496 --- [http-nio-8080-exec-1] c.e.kunuz.controller.AuthController      : Log warn : LoginDTO{email='nazarovazimjon888@gmail.com'}
2022-12-12T20:50:01.722+05:00 ERROR 3496 --- [http-nio-8080-exec-1] c.e.kunuz.controller.AuthController      : Log error : LoginDTO{email='nazarovazimjon888@gmail.com'}
2022-12-12T20:50:01.722+05:00  INFO 3496 --- [http-nio-8080-exec-1] c.e.kunuz.controller.AuthController      : Authorization : LoginDTO{email='nazarovazimjon888@gmail.com'}
2022-12-12T20:50:17.060+05:00 DEBUG 3496 --- [http-nio-8080-exec-3] c.e.kunuz.controller.AuthController      : Lod debug : LoginDTO{email='nazarovazimjon888@gmail.com'}
2022-12-12T20:50:17.060+05:00  WARN 3496 --- [http-nio-8080-exec-3] c.e.kunuz.controller.AuthController      : Log warn : LoginDTO{email='nazarovazimjon888@gmail.com'}
2022-12-12T20:50:17.060+05:00 ERROR 3496 --- [http-nio-8080-exec-3] c.e.kunuz.controller.AuthController      : Log error : LoginDTO{email='nazarovazimjon888@gmail.com'}
2022-12-12T20:50:17.060+05:00  INFO 3496 --- [http-nio-8080-exec-3] c.e.kunuz.controller.AuthController      : Authorization : LoginDTO{email='nazarovazimjon888@gmail.com'}
2022-12-12T20:50:18.161+05:00 DEBUG 3496 --- [http-nio-8080-exec-8] c.e.kunuz.controller.AuthController      : Lod debug : LoginDTO{email='nazarovazimjon888@gmail.com'}
2022-12-12T20:50:18.162+05:00  WARN 3496 --- [http-nio-8080-exec-8] c.e.kunuz.controller.AuthController      : Log warn : LoginDTO{email='nazarovazimjon888@gmail.com'}
2022-12-12T20:50:18.162+05:00 ERROR 3496 --- [http-nio-8080-exec-8] c.e.kunuz.controller.AuthController      : Log error : LoginDTO{email='nazarovazimjon888@gmail.com'}
2022-12-12T20:50:18.162+05:00  INFO 3496 --- [http-nio-8080-exec-8] c.e.kunuz.controller.AuthController      : Authorization : LoginDTO{email='nazarovazimjon888@gmail.com'}
2022-12-12T20:50:19.158+05:00 DEBUG 3496 --- [http-nio-8080-exec-6] c.e.kunuz.controller.AuthController      : Lod debug : LoginDTO{email='nazarovazimjon888@gmail.com'}
2022-12-12T20:50:19.158+05:00  WARN 3496 --- [http-nio-8080-exec-6] c.e.kunuz.controller.AuthController      : Log warn : LoginDTO{email='nazarovazimjon888@gmail.com'}
2022-12-12T20:50:19.158+05:00 ERROR 3496 --- [http-nio-8080-exec-6] c.e.kunuz.controller.AuthController      : Log error : LoginDTO{email='nazarovazimjon888@gmail.com'}
2022-12-12T20:50:19.158+05:00  INFO 3496 --- [http-nio-8080-exec-6] c.e.kunuz.controller.AuthController      : Authorization : LoginDTO{email='nazarovazimjon888@gmail.com'}
2022-12-12T20:50:20.034+05:00 DEBUG 3496 --- [http-nio-8080-exec-5] c.e.kunuz.controller.AuthController      : Lod debug : LoginDTO{email='nazarovazimjon888@gmail.com'}
2022-12-12T20:50:20.034+05:00  WARN 3496 --- [http-nio-8080-exec-5] c.e.kunuz.controller.AuthController      : Log warn : LoginDTO{email='nazarovazimjon888@gmail.com'}
2022-12-12T20:50:20.034+05:00 ERROR 3496 --- [http-nio-8080-exec-5] c.e.kunuz.controller.AuthController      : Log error : LoginDTO{email='nazarovazimjon888@gmail.com'}
2022-12-12T20:50:20.034+05:00  INFO 3496 --- [http-nio-8080-exec-5] c.e.kunuz.controller.AuthController      : Authorization : LoginDTO{email='nazarovazimjon888@gmail.com'}
2022-12-12T20:50:20.886+05:00 DEBUG 3496 --- [http-nio-8080-exec-7] c.e.kunuz.controller.AuthController      : Lod debug : LoginDTO{email='nazarovazimjon888@gmail.com'}
2022-12-12T20:50:20.887+05:00  WARN 3496 --- [http-nio-8080-exec-7] c.e.kunuz.controller.AuthController      : Log warn : LoginDTO{email='nazarovazimjon888@gmail.com'}
2022-12-12T20:50:20.887+05:00 ERROR 3496 --- [http-nio-8080-exec-7] c.e.kunuz.controller.AuthController      : Log error : LoginDTO{email='nazarovazimjon888@gmail.com'}
2022-12-12T20:50:20.887+05:00  INFO 3496 --- [http-nio-8080-exec-7] c.e.kunuz.controller.AuthController      : Authorization : LoginDTO{email='nazarovazimjon888@gmail.com'}
2022-12-12T20:50:21.724+05:00 DEBUG 3496 --- [http-nio-8080-exec-2] c.e.kunuz.controller.AuthController      : Lod debug : LoginDTO{email='nazarovazimjon888@gmail.com'}
2022-12-12T20:50:21.725+05:00  WARN 3496 --- [http-nio-8080-exec-2] c.e.kunuz.controller.AuthController      : Log warn : LoginDTO{email='nazarovazimjon888@gmail.com'}
2022-12-12T20:50:21.725+05:00 ERROR 3496 --- [http-nio-8080-exec-2] c.e.kunuz.controller.AuthController      : Log error : LoginDTO{email='nazarovazimjon888@gmail.com'}
2022-12-12T20:50:21.725+05:00  INFO 3496 --- [http-nio-8080-exec-2] c.e.kunuz.controller.AuthController      : Authorization : LoginDTO{email='nazarovazimjon888@gmail.com'}
2022-12-12T20:50:22.724+05:00 DEBUG 3496 --- [http-nio-8080-exec-4] c.e.kunuz.controller.AuthController      : Lod debug : LoginDTO{email='nazarovazimjon888@gmail.com'}
2022-12-12T20:50:22.724+05:00  WARN 3496 --- [http-nio-8080-exec-4] c.e.kunuz.controller.AuthController      : Log warn : LoginDTO{email='nazarovazimjon888@gmail.com'}
2022-12-12T20:50:22.724+05:00 ERROR 3496 --- [http-nio-8080-exec-4] c.e.kunuz.controller.AuthController      : Log error : LoginDTO{email='nazarovazimjon888@gmail.com'}
2022-12-12T20:50:22.725+05:00  INFO 3496 --- [http-nio-8080-exec-4] c.e.kunuz.controller.AuthController      : Authorization : LoginDTO{email='nazarovazimjon888@gmail.com'}
2022-12-12T20:50:23.598+05:00 DEBUG 3496 --- [http-nio-8080-exec-10] c.e.kunuz.controller.AuthController      : Lod debug : LoginDTO{email='nazarovazimjon888@gmail.com'}
2022-12-12T20:50:23.599+05:00  WARN 3496 --- [http-nio-8080-exec-10] c.e.kunuz.controller.AuthController      : Log warn : LoginDTO{email='nazarovazimjon888@gmail.com'}
2022-12-12T20:50:23.599+05:00 ERROR 3496 --- [http-nio-8080-exec-10] c.e.kunuz.controller.AuthController      : Log error : LoginDTO{email='nazarovazimjon888@gmail.com'}
2022-12-12T20:50:23.599+05:00  INFO 3496 --- [http-nio-8080-exec-10] c.e.kunuz.controller.AuthController      : Authorization : LoginDTO{email='nazarovazimjon888@gmail.com'}
2022-12-12T20:50:24.591+05:00 DEBUG 3496 --- [http-nio-8080-exec-5] c.e.kunuz.controller.AuthController      : Lod debug : LoginDTO{email='nazarovazimjon888@gmail.com'}
2022-12-12T20:50:24.592+05:00  WARN 3496 --- [http-nio-8080-exec-5] c.e.kunuz.controller.AuthController      : Log warn : LoginDTO{email='nazarovazimjon888@gmail.com'}
2022-12-12T20:50:24.592+05:00 ERROR 3496 --- [http-nio-8080-exec-5] c.e.kunuz.controller.AuthController      : Log error : LoginDTO{email='nazarovazimjon888@gmail.com'}
2022-12-12T20:50:24.592+05:00  INFO 3496 --- [http-nio-8080-exec-5] c.e.kunuz.controller.AuthController      : Authorization : LoginDTO{email='nazarovazimjon888@gmail.com'}
2022-12-12T20:50:25.557+05:00 DEBUG 3496 --- [http-nio-8080-exec-7] c.e.kunuz.controller.AuthController      : Lod debug : LoginDTO{email='nazarovazimjon888@gmail.com'}
2022-12-12T20:50:25.557+05:00  WARN 3496 --- [http-nio-8080-exec-7] c.e.kunuz.controller.AuthController      : Log warn : LoginDTO{email='nazarovazimjon888@gmail.com'}
2022-12-12T20:50:25.557+05:00 ERROR 3496 --- [http-nio-8080-exec-7] c.e.kunuz.controller.AuthController      : Log error : LoginDTO{email='nazarovazimjon888@gmail.com'}
2022-12-12T20:50:25.558+05:00  INFO 3496 --- [http-nio-8080-exec-7] c.e.kunuz.controller.AuthController      : Authorization : LoginDTO{email='nazarovazimjon888@gmail.com'}
2022-12-12T20:50:27.172+05:00 DEBUG 3496 --- [http-nio-8080-exec-2] c.e.kunuz.controller.AuthController      : Lod debug : LoginDTO{email='nazarovazimjon888@gmail.com'}
2022-12-12T20:50:27.173+05:00  WARN 3496 --- [http-nio-8080-exec-2] c.e.kunuz.controller.AuthController      : Log warn : LoginDTO{email='nazarovazimjon888@gmail.com'}
2022-12-12T20:50:27.173+05:00 ERROR 3496 --- [http-nio-8080-exec-2] c.e.kunuz.controller.AuthController      : Log error : LoginDTO{email='nazarovazimjon888@gmail.com'}
2022-12-12T20:50:27.173+05:00  INFO 3496 --- [http-nio-8080-exec-2] c.e.kunuz.controller.AuthController      : Authorization : LoginDTO{email='nazarovazimjon888@gmail.com'}
2022-12-12T20:50:28.509+05:00 DEBUG 3496 --- [http-nio-8080-exec-3] c.e.kunuz.controller.AuthController      : Lod debug : LoginDTO{email='nazarovazimjon888@gmail.com'}
2022-12-12T20:50:28.509+05:00  WARN 3496 --- [http-nio-8080-exec-3] c.e.kunuz.controller.AuthController      : Log warn : LoginDTO{email='nazarovazimjon888@gmail.com'}
2022-12-12T20:50:28.510+05:00 ERROR 3496 --- [http-nio-8080-exec-3] c.e.kunuz.controller.AuthController      : Log error : LoginDTO{email='nazarovazimjon888@gmail.com'}
2022-12-12T20:50:28.510+05:00  INFO 3496 --- [http-nio-8080-exec-3] c.e.kunuz.controller.AuthController      : Authorization : LoginDTO{email='nazarovazimjon888@gmail.com'}
2022-12-12T20:50:29.498+05:00 DEBUG 3496 --- [http-nio-8080-exec-8] c.e.kunuz.controller.AuthController      : Lod debug : LoginDTO{email='nazarovazimjon888@gmail.com'}
2022-12-12T20:50:29.499+05:00  WARN 3496 --- [http-nio-8080-exec-8] c.e.kunuz.controller.AuthController      : Log warn : LoginDTO{email='nazarovazimjon888@gmail.com'}
2022-12-12T20:50:29.499+05:00 ERROR 3496 --- [http-nio-8080-exec-8] c.e.kunuz.controller.AuthController      : Log error : LoginDTO{email='nazarovazimjon888@gmail.com'}
2022-12-12T20:50:29.499+05:00  INFO 3496 --- [http-nio-8080-exec-8] c.e.kunuz.controller.AuthController      : Authorization : LoginDTO{email='nazarovazimjon888@gmail.com'}
2022-12-12T20:50:30.818+05:00 DEBUG 3496 --- [http-nio-8080-exec-6] c.e.kunuz.controller.AuthController      : Lod debug : LoginDTO{email='nazarovazimjon888@gmail.com'}
2022-12-12T20:50:30.819+05:00  WARN 3496 --- [http-nio-8080-exec-6] c.e.kunuz.controller.AuthController      : Log warn : LoginDTO{email='nazarovazimjon888@gmail.com'}
2022-12-12T20:50:30.819+05:00 ERROR 3496 --- [http-nio-8080-exec-6] c.e.kunuz.controller.AuthController      : Log error : LoginDTO{email='nazarovazimjon888@gmail.com'}
2022-12-12T20:50:30.819+05:00  INFO 3496 --- [http-nio-8080-exec-6] c.e.kunuz.controller.AuthController      : Authorization : LoginDTO{email='nazarovazimjon888@gmail.com'}
2022-12-12T20:50:33.203+05:00 DEBUG 3496 --- [http-nio-8080-exec-9] c.e.kunuz.controller.AuthController      : Lod debug : LoginDTO{email='nazarovazimjon888@gmail.com'}
2022-12-12T20:50:33.204+05:00  WARN 3496 --- [http-nio-8080-exec-9] c.e.kunuz.controller.AuthController      : Log warn : LoginDTO{email='nazarovazimjon888@gmail.com'}
2022-12-12T20:50:33.204+05:00 ERROR 3496 --- [http-nio-8080-exec-9] c.e.kunuz.controller.AuthController      : Log error : LoginDTO{email='nazarovazimjon888@gmail.com'}
2022-12-12T20:50:33.204+05:00  INFO 3496 --- [http-nio-8080-exec-9] c.e.kunuz.controller.AuthController      : Authorization : LoginDTO{email='nazarovazimjon888@gmail.com'}
2022-12-12T20:50:34.110+05:00 DEBUG 3496 --- [http-nio-8080-exec-1] c.e.kunuz.controller.AuthController      : Lod debug : LoginDTO{email='nazarovazimjon888@gmail.com'}
2022-12-12T20:50:34.111+05:00  WARN 3496 --- [http-nio-8080-exec-1] c.e.kunuz.controller.AuthController      : Log warn : LoginDTO{email='nazarovazimjon888@gmail.com'}
2022-12-12T20:50:34.111+05:00 ERROR 3496 --- [http-nio-8080-exec-1] c.e.kunuz.controller.AuthController      : Log error : LoginDTO{email='nazarovazimjon888@gmail.com'}
2022-12-12T20:50:34.111+05:00  INFO 3496 --- [http-nio-8080-exec-1] c.e.kunuz.controller.AuthController      : Authorization : LoginDTO{email='nazarovazimjon888@gmail.com'}
2022-12-12T20:50:35.043+05:00 DEBUG 3496 --- [http-nio-8080-exec-3] c.e.kunuz.controller.AuthController      : Lod debug : LoginDTO{email='nazarovazimjon888@gmail.com'}
2022-12-12T20:50:35.043+05:00  WARN 3496 --- [http-nio-8080-exec-3] c.e.kunuz.controller.AuthController      : Log warn : LoginDTO{email='nazarovazimjon888@gmail.com'}
2022-12-12T20:50:35.043+05:00 ERROR 3496 --- [http-nio-8080-exec-3] c.e.kunuz.controller.AuthController      : Log error : LoginDTO{email='nazarovazimjon888@gmail.com'}
2022-12-12T20:50:35.043+05:00  INFO 3496 --- [http-nio-8080-exec-3] c.e.kunuz.controller.AuthController      : Authorization : LoginDTO{email='nazarovazimjon888@gmail.com'}
2022-12-12T20:50:35.861+05:00 DEBUG 3496 --- [http-nio-8080-exec-8] c.e.kunuz.controller.AuthController      : Lod debug : LoginDTO{email='nazarovazimjon888@gmail.com'}
2022-12-12T20:50:35.862+05:00  WARN 3496 --- [http-nio-8080-exec-8] c.e.kunuz.controller.AuthController      : Log warn : LoginDTO{email='nazarovazimjon888@gmail.com'}
2022-12-12T20:50:35.862+05:00 ERROR 3496 --- [http-nio-8080-exec-8] c.e.kunuz.controller.AuthController      : Log error : LoginDTO{email='nazarovazimjon888@gmail.com'}
2022-12-12T20:50:35.862+05:00  INFO 3496 --- [http-nio-8080-exec-8] c.e.kunuz.controller.AuthController      : Authorization : LoginDTO{email='nazarovazimjon888@gmail.com'}
2022-12-12T20:50:36.731+05:00 DEBUG 3496 --- [http-nio-8080-exec-6] c.e.kunuz.controller.AuthController      : Lod debug : LoginDTO{email='nazarovazimjon888@gmail.com'}
2022-12-12T20:50:36.732+05:00  WARN 3496 --- [http-nio-8080-exec-6] c.e.kunuz.controller.AuthController      : Log warn : LoginDTO{email='nazarovazimjon888@gmail.com'}
2022-12-12T20:50:36.732+05:00 ERROR 3496 --- [http-nio-8080-exec-6] c.e.kunuz.controller.AuthController      : Log error : LoginDTO{email='nazarovazimjon888@gmail.com'}
2022-12-12T20:50:36.732+05:00  INFO 3496 --- [http-nio-8080-exec-6] c.e.kunuz.controller.AuthController      : Authorization : LoginDTO{email='nazarovazimjon888@gmail.com'}
2022-12-12T20:50:37.562+05:00 DEBUG 3496 --- [http-nio-8080-exec-9] c.e.kunuz.controller.AuthController      : Lod debug : LoginDTO{email='nazarovazimjon888@gmail.com'}
2022-12-12T20:50:37.563+05:00  WARN 3496 --- [http-nio-8080-exec-9] c.e.kunuz.controller.AuthController      : Log warn : LoginDTO{email='nazarovazimjon888@gmail.com'}
2022-12-12T20:50:37.563+05:00 ERROR 3496 --- [http-nio-8080-exec-9] c.e.kunuz.controller.AuthController      : Log error : LoginDTO{email='nazarovazimjon888@gmail.com'}
2022-12-12T20:50:37.563+05:00  INFO 3496 --- [http-nio-8080-exec-9] c.e.kunuz.controller.AuthController      : Authorization : LoginDTO{email='nazarovazimjon888@gmail.com'}
2022-12-12T20:50:38.537+05:00 DEBUG 3496 --- [http-nio-8080-exec-7] c.e.kunuz.controller.AuthController      : Lod debug : LoginDTO{email='nazarovazimjon888@gmail.com'}
2022-12-12T20:50:38.537+05:00  WARN 3496 --- [http-nio-8080-exec-7] c.e.kunuz.controller.AuthController      : Log warn : LoginDTO{email='nazarovazimjon888@gmail.com'}
2022-12-12T20:50:38.537+05:00 ERROR 3496 --- [http-nio-8080-exec-7] c.e.kunuz.controller.AuthController      : Log error : LoginDTO{email='nazarovazimjon888@gmail.com'}
2022-12-12T20:50:38.537+05:00  INFO 3496 --- [http-nio-8080-exec-7] c.e.kunuz.controller.AuthController      : Authorization : LoginDTO{email='nazarovazimjon888@gmail.com'}
2022-12-12T20:50:38.867+05:00 DEBUG 3496 --- [http-nio-8080-exec-2] c.e.kunuz.controller.AuthController      : Lod debug : LoginDTO{email='nazarovazimjon888@gmail.com'}
2022-12-12T20:50:38.867+05:00  WARN 3496 --- [http-nio-8080-exec-2] c.e.kunuz.controller.AuthController      : Log warn : LoginDTO{email='nazarovazimjon888@gmail.com'}
2022-12-12T20:50:38.867+05:00 ERROR 3496 --- [http-nio-8080-exec-2] c.e.kunuz.controller.AuthController      : Log error : LoginDTO{email='nazarovazimjon888@gmail.com'}
2022-12-12T20:50:38.867+05:00  INFO 3496 --- [http-nio-8080-exec-2] c.e.kunuz.controller.AuthController      : Authorization : LoginDTO{email='nazarovazimjon888@gmail.com'}
2022-12-12T20:50:39.254+05:00 DEBUG 3496 --- [http-nio-8080-exec-4] c.e.kunuz.controller.AuthController      : Lod debug : LoginDTO{email='nazarovazimjon888@gmail.com'}
2022-12-12T20:50:39.254+05:00  WARN 3496 --- [http-nio-8080-exec-4] c.e.kunuz.controller.AuthController      : Log warn : LoginDTO{email='nazarovazimjon888@gmail.com'}
2022-12-12T20:50:39.254+05:00 ERROR 3496 --- [http-nio-8080-exec-4] c.e.kunuz.controller.AuthController      : Log error : LoginDTO{email='nazarovazimjon888@gmail.com'}
2022-12-12T20:50:39.254+05:00  INFO 3496 --- [http-nio-8080-exec-4] c.e.kunuz.controller.AuthController      : Authorization : LoginDTO{email='nazarovazimjon888@gmail.com'}
2022-12-12T20:50:39.474+05:00 DEBUG 3496 --- [http-nio-8080-exec-10] c.e.kunuz.controller.AuthController      : Lod debug : LoginDTO{email='nazarovazimjon888@gmail.com'}
2022-12-12T20:50:39.475+05:00  WARN 3496 --- [http-nio-8080-exec-10] c.e.kunuz.controller.AuthController      : Log warn : LoginDTO{email='nazarovazimjon888@gmail.com'}
2022-12-12T20:50:39.475+05:00 ERROR 3496 --- [http-nio-8080-exec-10] c.e.kunuz.controller.AuthController      : Log error : LoginDTO{email='nazarovazimjon888@gmail.com'}
2022-12-12T20:50:39.475+05:00  INFO 3496 --- [http-nio-8080-exec-10] c.e.kunuz.controller.AuthController      : Authorization : LoginDTO{email='nazarovazimjon888@gmail.com'}
2022-12-12T20:50:39.680+05:00 DEBUG 3496 --- [http-nio-8080-exec-5] c.e.kunuz.controller.AuthController      : Lod debug : LoginDTO{email='nazarovazimjon888@gmail.com'}
2022-12-12T20:50:39.680+05:00  WARN 3496 --- [http-nio-8080-exec-5] c.e.kunuz.controller.AuthController      : Log warn : LoginDTO{email='nazarovazimjon888@gmail.com'}
2022-12-12T20:50:39.681+05:00 ERROR 3496 --- [http-nio-8080-exec-5] c.e.kunuz.controller.AuthController      : Log error : LoginDTO{email='nazarovazimjon888@gmail.com'}
2022-12-12T20:50:39.681+05:00  INFO 3496 --- [http-nio-8080-exec-5] c.e.kunuz.controller.AuthController      : Authorization : LoginDTO{email='nazarovazimjon888@gmail.com'}
2022-12-12T20:50:39.933+05:00 DEBUG 3496 --- [http-nio-8080-exec-7] c.e.kunuz.controller.AuthController      : Lod debug : LoginDTO{email='nazarovazimjon888@gmail.com'}
2022-12-12T20:50:39.934+05:00  WARN 3496 --- [http-nio-8080-exec-7] c.e.kunuz.controller.AuthController      : Log warn : LoginDTO{email='nazarovazimjon888@gmail.com'}
2022-12-12T20:50:39.935+05:00 ERROR 3496 --- [http-nio-8080-exec-7] c.e.kunuz.controller.AuthController      : Log error : LoginDTO{email='nazarovazimjon888@gmail.com'}
2022-12-12T20:50:39.935+05:00  INFO 3496 --- [http-nio-8080-exec-7] c.e.kunuz.controller.AuthController      : Authorization : LoginDTO{email='nazarovazimjon888@gmail.com'}
2022-12-12T20:50:40.267+05:00 DEBUG 3496 --- [http-nio-8080-exec-2] c.e.kunuz.controller.AuthController      : Lod debug : LoginDTO{email='nazarovazimjon888@gmail.com'}
2022-12-12T20:50:40.268+05:00  WARN 3496 --- [http-nio-8080-exec-2] c.e.kunuz.controller.AuthController      : Log warn : LoginDTO{email='nazarovazimjon888@gmail.com'}
2022-12-12T20:50:40.268+05:00 ERROR 3496 --- [http-nio-8080-exec-2] c.e.kunuz.controller.AuthController      : Log error : LoginDTO{email='nazarovazimjon888@gmail.com'}
2022-12-12T20:50:40.268+05:00  INFO 3496 --- [http-nio-8080-exec-2] c.e.kunuz.controller.AuthController      : Authorization : LoginDTO{email='nazarovazimjon888@gmail.com'}
2022-12-12T20:50:40.476+05:00 DEBUG 3496 --- [http-nio-8080-exec-4] c.e.kunuz.controller.AuthController      : Lod debug : LoginDTO{email='nazarovazimjon888@gmail.com'}
2022-12-12T20:50:40.476+05:00  WARN 3496 --- [http-nio-8080-exec-4] c.e.kunuz.controller.AuthController      : Log warn : LoginDTO{email='nazarovazimjon888@gmail.com'}
2022-12-12T20:50:40.476+05:00 ERROR 3496 --- [http-nio-8080-exec-4] c.e.kunuz.controller.AuthController      : Log error : LoginDTO{email='nazarovazimjon888@gmail.com'}
2022-12-12T20:50:40.476+05:00  INFO 3496 --- [http-nio-8080-exec-4] c.e.kunuz.controller.AuthController      : Authorization : LoginDTO{email='nazarovazimjon888@gmail.com'}
2022-12-12T20:50:41.810+05:00 DEBUG 3496 --- [http-nio-8080-exec-10] c.e.kunuz.controller.AuthController      : Lod debug : LoginDTO{email='nazarovazimjon888@gmail.com'}
2022-12-12T20:50:41.810+05:00  WARN 3496 --- [http-nio-8080-exec-10] c.e.kunuz.controller.AuthController      : Log warn : LoginDTO{email='nazarovazimjon888@gmail.com'}
2022-12-12T20:50:41.810+05:00 ERROR 3496 --- [http-nio-8080-exec-10] c.e.kunuz.controller.AuthController      : Log error : LoginDTO{email='nazarovazimjon888@gmail.com'}
2022-12-12T20:50:41.810+05:00  INFO 3496 --- [http-nio-8080-exec-10] c.e.kunuz.controller.AuthController      : Authorization : LoginDTO{email='nazarovazimjon888@gmail.com'}
2022-12-12T20:50:42.943+05:00 DEBUG 3496 --- [http-nio-8080-exec-5] c.e.kunuz.controller.AuthController      : Lod debug : LoginDTO{email='nazarovazimjon888@gmail.com'}
2022-12-12T20:50:42.944+05:00  WARN 3496 --- [http-nio-8080-exec-5] c.e.kunuz.controller.AuthController      : Log warn : LoginDTO{email='nazarovazimjon888@gmail.com'}
2022-12-12T20:50:42.944+05:00 ERROR 3496 --- [http-nio-8080-exec-5] c.e.kunuz.controller.AuthController      : Log error : LoginDTO{email='nazarovazimjon888@gmail.com'}
2022-12-12T20:50:42.944+05:00  INFO 3496 --- [http-nio-8080-exec-5] c.e.kunuz.controller.AuthController      : Authorization : LoginDTO{email='nazarovazimjon888@gmail.com'}
2022-12-12T20:51:15.026+05:00  INFO 3496 --- [SpringApplicationShutdownHook] j.LocalContainerEntityManagerFactoryBean : Closing JPA EntityManagerFactory for persistence unit 'default'
2022-12-12T20:51:15.029+05:00  INFO 3496 --- [SpringApplicationShutdownHook] com.zaxxer.hikari.HikariDataSource       : HikariPool-1 - Shutdown initiated...
2022-12-12T20:51:15.033+05:00  INFO 3496 --- [SpringApplicationShutdownHook] com.zaxxer.hikari.HikariDataSource       : HikariPool-1 - Shutdown completed.
2022-12-12T20:51:17.804+05:00  INFO 15692 --- [main] com.example.kunuz.KunUzApplication       : Starting KunUzApplication using Java 17.0.2 with PID 15692 (E:\Java\6-modul\KunUz\target\classes started by User in E:\Java\6-modul\KunUz)
2022-12-12T20:51:17.822+05:00 DEBUG 15692 --- [main] com.example.kunuz.KunUzApplication       : Running with Spring Boot v3.0.0, Spring v6.0.2
2022-12-12T20:51:17.823+05:00  INFO 15692 --- [main] com.example.kunuz.KunUzApplication       : No active profile set, falling back to 1 default profile: "default"
